13-10-6 12:01:33 - 10: org.apache.uima.adapter.jms.service.UIMA_Service.initialize(68): 佚連: UIMA-AS version 2.4.0
13-10-6 12:01:33 - 10: org.apache.uima.aae.deploymentDescriptor.XsltImportByName.resolveByName: 少御: 
org.apache.uima.util.InvalidXMLException: An import could not be resolved.  No .xml file with name "descriptors.QADescriptor" was found in the class path or data path. (Descriptor: <unknown>)
	at org.apache.uima.resource.metadata.impl.Import_impl.findAbsoluteUrl(Import_impl.java:107)
	at org.apache.uima.aae.deploymentDescriptor.XsltImportByName.resolveByName(XsltImportByName.java:39)
	at sun.reflect.NativeMethodAccessorImpl.invoke0(Native Method)
	at sun.reflect.NativeMethodAccessorImpl.invoke(NativeMethodAccessorImpl.java:39)
	at sun.reflect.DelegatingMethodAccessorImpl.invoke(DelegatingMethodAccessorImpl.java:25)
	at java.lang.reflect.Method.invoke(Method.java:597)
	at net.sf.saxon.functions.ExtensionFunctionCall.invokeMethod(ExtensionFunctionCall.java:513)
	at net.sf.saxon.functions.ExtensionFunctionCall.call(ExtensionFunctionCall.java:223)
	at net.sf.saxon.functions.ExtensionFunctionCall.iterate(ExtensionFunctionCall.java:111)
	at net.sf.saxon.instruct.BlockIterator.next(BlockIterator.java:42)
	at net.sf.saxon.value.SequenceExtent.<init>(SequenceExtent.java:98)
	at net.sf.saxon.value.SequenceExtent.makeSequenceExtent(SequenceExtent.java:129)
	at net.sf.saxon.expr.TailCallLoop.iterate(TailCallLoop.java:77)
	at net.sf.saxon.value.Closure.iterate(Closure.java:192)
	at net.sf.saxon.value.Value.getIterator(Value.java:214)
	at net.sf.saxon.expr.UserFunctionCall.iterate(UserFunctionCall.java:300)
	at net.sf.saxon.expr.ExpressionTool.evaluate(ExpressionTool.java:370)
	at net.sf.saxon.expr.LetExpression.eval(LetExpression.java:229)
	at net.sf.saxon.expr.LetExpression.process(LetExpression.java:260)
	at net.sf.saxon.instruct.ForEach.processLeavingTail(ForEach.java:243)
	at net.sf.saxon.instruct.Instruction.process(Instruction.java:91)
	at net.sf.saxon.instruct.ElementCreator.processLeavingTail(ElementCreator.java:240)
	at net.sf.saxon.instruct.Block.processLeavingTail(Block.java:365)
	at net.sf.saxon.expr.LetExpression.processLeavingTail(LetExpression.java:405)
	at net.sf.saxon.instruct.Block.processLeavingTail(Block.java:365)
	at net.sf.saxon.instruct.Template.expand(Template.java:112)
	at net.sf.saxon.instruct.CallTemplate.process(CallTemplate.java:212)
	at net.sf.saxon.instruct.CallTemplate.processLeavingTail(CallTemplate.java:237)
	at net.sf.saxon.instruct.Block.processLeavingTail(Block.java:365)
	at net.sf.saxon.instruct.Choose.processLeavingTail(Choose.java:347)
	at net.sf.saxon.instruct.Block.processLeavingTail(Block.java:365)
	at net.sf.saxon.instruct.Instruction.process(Instruction.java:91)
	at net.sf.saxon.instruct.ElementCreator.processLeavingTail(ElementCreator.java:240)
	at net.sf.saxon.instruct.Block.processLeavingTail(Block.java:365)
	at net.sf.saxon.expr.LetExpression.processLeavingTail(LetExpression.java:405)
	at net.sf.saxon.instruct.Block.processLeavingTail(Block.java:365)
	at net.sf.saxon.expr.LetExpression.processLeavingTail(LetExpression.java:405)
	at net.sf.saxon.instruct.Block.processLeavingTail(Block.java:365)
	at net.sf.saxon.instruct.Template.applyLeavingTail(Template.java:98)
	at net.sf.saxon.instruct.ApplyTemplates.applyTemplates(ApplyTemplates.java:317)
	at net.sf.saxon.instruct.ApplyTemplates.apply(ApplyTemplates.java:187)
	at net.sf.saxon.instruct.ApplyTemplates.processLeavingTail(ApplyTemplates.java:151)
	at net.sf.saxon.expr.LetExpression.processLeavingTail(LetExpression.java:405)
	at net.sf.saxon.instruct.Block.processLeavingTail(Block.java:365)
	at net.sf.saxon.instruct.Instruction.process(Instruction.java:91)
	at net.sf.saxon.instruct.ElementCreator.processLeavingTail(ElementCreator.java:240)
	at net.sf.saxon.expr.LetExpression.processLeavingTail(LetExpression.java:405)
	at net.sf.saxon.instruct.Template.applyLeavingTail(Template.java:98)
	at net.sf.saxon.instruct.ApplyTemplates.applyTemplates(ApplyTemplates.java:317)
	at net.sf.saxon.instruct.ApplyTemplates.apply(ApplyTemplates.java:187)
	at net.sf.saxon.instruct.ApplyTemplates.processLeavingTail(ApplyTemplates.java:151)
	at net.sf.saxon.instruct.Block.processLeavingTail(Block.java:365)
	at net.sf.saxon.instruct.Instruction.process(Instruction.java:91)
	at net.sf.saxon.instruct.ElementCreator.processLeavingTail(ElementCreator.java:240)
	at net.sf.saxon.instruct.Template.applyLeavingTail(Template.java:98)
	at net.sf.saxon.instruct.ApplyTemplates.applyTemplates(ApplyTemplates.java:317)
	at net.sf.saxon.instruct.ApplyTemplates.apply(ApplyTemplates.java:187)
	at net.sf.saxon.instruct.ApplyTemplates.processLeavingTail(ApplyTemplates.java:151)
	at net.sf.saxon.instruct.Block.processLeavingTail(Block.java:365)
	at net.sf.saxon.instruct.Instruction.process(Instruction.java:91)
	at net.sf.saxon.instruct.ElementCreator.processLeavingTail(ElementCreator.java:240)
	at net.sf.saxon.instruct.Copy.processLeavingTail(Copy.java:152)
	at net.sf.saxon.instruct.Template.applyLeavingTail(Template.java:98)
	at net.sf.saxon.instruct.ApplyTemplates.applyTemplates(ApplyTemplates.java:317)
	at net.sf.saxon.instruct.ApplyTemplates.apply(ApplyTemplates.java:187)
	at net.sf.saxon.instruct.ApplyTemplates.process(ApplyTemplates.java:147)
	at net.sf.saxon.instruct.DocumentInstr.evaluateItem(DocumentInstr.java:243)
	at net.sf.saxon.instruct.DocumentInstr.processLeavingTail(DocumentInstr.java:177)
	at net.sf.saxon.instruct.Block.processLeavingTail(Block.java:365)
	at net.sf.saxon.instruct.Instruction.process(Instruction.java:91)
	at net.sf.saxon.instruct.DocumentInstr.evaluateItem(DocumentInstr.java:243)
	at net.sf.saxon.instruct.Instruction.iterate(Instruction.java:320)
	at net.sf.saxon.expr.ExpressionTool.evaluate(ExpressionTool.java:370)
	at net.sf.saxon.instruct.GlobalVariable.getSelectValue(GlobalVariable.java:180)
	at net.sf.saxon.instruct.GlobalVariable.evaluateVariable(GlobalVariable.java:204)
	at net.sf.saxon.expr.VariableReference.evaluateVariable(VariableReference.java:319)
	at net.sf.saxon.expr.VariableReference.iterate(VariableReference.java:275)
	at net.sf.saxon.expr.PathExpression.iterate(PathExpression.java:826)
	at net.sf.saxon.expr.PathExpression.iterate(PathExpression.java:826)
	at net.sf.saxon.value.Closure.iterate(Closure.java:192)
	at net.sf.saxon.value.Value.getIterator(Value.java:214)
	at net.sf.saxon.instruct.ApplyTemplates$ApplyTemplatesPackage.processLeavingTail(ApplyTemplates.java:486)
	at net.sf.saxon.instruct.ApplyTemplates.defaultAction(ApplyTemplates.java:352)
	at net.sf.saxon.instruct.ApplyTemplates.applyTemplates(ApplyTemplates.java:310)
	at net.sf.saxon.Controller.transformDocument(Controller.java:1705)
	at net.sf.saxon.Controller.transform(Controller.java:1513)
	at net.sf.saxon.Transform.processFile(Transform.java:860)
	at net.sf.saxon.Transform.doTransform(Transform.java:504)
	at net.sf.saxon.Transform.main(Transform.java:60)
	at sun.reflect.NativeMethodAccessorImpl.invoke0(Native Method)
	at sun.reflect.NativeMethodAccessorImpl.invoke(NativeMethodAccessorImpl.java:39)
	at sun.reflect.DelegatingMethodAccessorImpl.invoke(DelegatingMethodAccessorImpl.java:25)
	at java.lang.reflect.Method.invoke(Method.java:597)
	at org.apache.uima.adapter.jms.service.Dd2spring.convertDd2Spring(Dd2spring.java:157)
	at org.apache.uima.adapter.jms.service.Dd2spring.convertDd2Spring(Dd2spring.java:79)
	at org.apache.uima.adapter.jms.service.UIMA_Service.initialize(UIMA_Service.java:114)
	at org.apache.uima.adapter.jms.service.UIMA_Service.main(UIMA_Service.java:406)
	at sun.reflect.NativeMethodAccessorImpl.invoke0(Native Method)
	at sun.reflect.NativeMethodAccessorImpl.invoke(NativeMethodAccessorImpl.java:39)
	at sun.reflect.DelegatingMethodAccessorImpl.invoke(DelegatingMethodAccessorImpl.java:25)
	at java.lang.reflect.Method.invoke(Method.java:597)
	at org.apache.uima.bootstrap.UimaBootstrap.main(UimaBootstrap.java:98)

13-10-6 12:01:33 - 10: org.apache.uima.aae.deploymentDescriptor.XsltImportByName.resolveByName: 少御: 
org.apache.uima.util.InvalidXMLException: An import could not be resolved.  No .xml file with name "descriptors.QADescriptor" was found in the class path or data path. (Descriptor: <unknown>)
	at org.apache.uima.resource.metadata.impl.Import_impl.findAbsoluteUrl(Import_impl.java:107)
	at org.apache.uima.aae.deploymentDescriptor.XsltImportByName.resolveByName(XsltImportByName.java:39)
	at sun.reflect.NativeMethodAccessorImpl.invoke0(Native Method)
	at sun.reflect.NativeMethodAccessorImpl.invoke(NativeMethodAccessorImpl.java:39)
	at sun.reflect.DelegatingMethodAccessorImpl.invoke(DelegatingMethodAccessorImpl.java:25)
	at java.lang.reflect.Method.invoke(Method.java:597)
	at net.sf.saxon.functions.ExtensionFunctionCall.invokeMethod(ExtensionFunctionCall.java:513)
	at net.sf.saxon.functions.ExtensionFunctionCall.call(ExtensionFunctionCall.java:223)
	at net.sf.saxon.functions.ExtensionFunctionCall.iterate(ExtensionFunctionCall.java:111)
	at net.sf.saxon.functions.Document.iterate(Document.java:90)
	at net.sf.saxon.instruct.Choose.iterate(Choose.java:415)
	at net.sf.saxon.expr.TailCallLoop.iterate(TailCallLoop.java:76)
	at net.sf.saxon.value.Closure.iterate(Closure.java:192)
	at net.sf.saxon.value.Value.asIterator(Value.java:117)
	at net.sf.saxon.expr.TailCallLoop.iterate(TailCallLoop.java:83)
	at net.sf.saxon.value.Closure.iterate(Closure.java:192)
	at net.sf.saxon.value.Value.getIterator(Value.java:214)
	at net.sf.saxon.expr.UserFunctionCall.iterate(UserFunctionCall.java:300)
	at net.sf.saxon.value.MemoClosure.iterate(MemoClosure.java:89)
	at net.sf.saxon.value.Value.getIterator(Value.java:214)
	at net.sf.saxon.expr.VariableReference.iterate(VariableReference.java:276)
	at net.sf.saxon.expr.Expression.effectiveBooleanValue(Expression.java:299)
	at net.sf.saxon.functions.BooleanFn.effectiveBooleanValue(BooleanFn.java:138)
	at net.sf.saxon.instruct.Choose.processLeavingTail(Choose.java:334)
	at net.sf.saxon.instruct.Block.processLeavingTail(Block.java:365)
	at net.sf.saxon.instruct.Instruction.process(Instruction.java:91)
	at net.sf.saxon.expr.LetExpression.process(LetExpression.java:268)
	at net.sf.saxon.instruct.UserFunction.process(UserFunction.java:284)
	at net.sf.saxon.expr.UserFunctionCall.process(UserFunctionCall.java:349)
	at net.sf.saxon.value.MemoClosure.process(MemoClosure.java:177)
	at net.sf.saxon.expr.VariableReference.process(VariableReference.java:306)
	at net.sf.saxon.instruct.Block.processLeavingTail(Block.java:367)
	at net.sf.saxon.instruct.Instruction.process(Instruction.java:91)
	at net.sf.saxon.instruct.ElementCreator.processLeavingTail(ElementCreator.java:240)
	at net.sf.saxon.instruct.Block.processLeavingTail(Block.java:365)
	at net.sf.saxon.instruct.Instruction.process(Instruction.java:91)
	at net.sf.saxon.instruct.ElementCreator.processLeavingTail(ElementCreator.java:240)
	at net.sf.saxon.instruct.Block.processLeavingTail(Block.java:365)
	at net.sf.saxon.expr.LetExpression.processLeavingTail(LetExpression.java:405)
	at net.sf.saxon.instruct.Block.processLeavingTail(Block.java:365)
	at net.sf.saxon.expr.LetExpression.processLeavingTail(LetExpression.java:405)
	at net.sf.saxon.instruct.Block.processLeavingTail(Block.java:365)
	at net.sf.saxon.instruct.Template.applyLeavingTail(Template.java:98)
	at net.sf.saxon.instruct.ApplyTemplates.applyTemplates(ApplyTemplates.java:317)
	at net.sf.saxon.instruct.ApplyTemplates.apply(ApplyTemplates.java:187)
	at net.sf.saxon.instruct.ApplyTemplates.process(ApplyTemplates.java:147)
	at net.sf.saxon.expr.LetExpression.process(LetExpression.java:268)
	at net.sf.saxon.instruct.ForEach.processLeavingTail(ForEach.java:243)
	at net.sf.saxon.instruct.Instruction.process(Instruction.java:91)
	at net.sf.saxon.instruct.ElementCreator.processLeavingTail(ElementCreator.java:240)
	at net.sf.saxon.instruct.Block.processLeavingTail(Block.java:365)
	at net.sf.saxon.expr.LetExpression.processLeavingTail(LetExpression.java:405)
	at net.sf.saxon.instruct.Block.processLeavingTail(Block.java:365)
	at net.sf.saxon.instruct.Template.expand(Template.java:112)
	at net.sf.saxon.instruct.CallTemplate.process(CallTemplate.java:212)
	at net.sf.saxon.instruct.CallTemplate.processLeavingTail(CallTemplate.java:237)
	at net.sf.saxon.instruct.Block.processLeavingTail(Block.java:365)
	at net.sf.saxon.instruct.Choose.processLeavingTail(Choose.java:347)
	at net.sf.saxon.instruct.Block.processLeavingTail(Block.java:365)
	at net.sf.saxon.instruct.Instruction.process(Instruction.java:91)
	at net.sf.saxon.instruct.ElementCreator.processLeavingTail(ElementCreator.java:240)
	at net.sf.saxon.instruct.Block.processLeavingTail(Block.java:365)
	at net.sf.saxon.expr.LetExpression.processLeavingTail(LetExpression.java:405)
	at net.sf.saxon.instruct.Block.processLeavingTail(Block.java:365)
	at net.sf.saxon.expr.LetExpression.processLeavingTail(LetExpression.java:405)
	at net.sf.saxon.instruct.Block.processLeavingTail(Block.java:365)
	at net.sf.saxon.instruct.Template.applyLeavingTail(Template.java:98)
	at net.sf.saxon.instruct.ApplyTemplates.applyTemplates(ApplyTemplates.java:317)
	at net.sf.saxon.instruct.ApplyTemplates.apply(ApplyTemplates.java:187)
	at net.sf.saxon.instruct.ApplyTemplates.processLeavingTail(ApplyTemplates.java:151)
	at net.sf.saxon.expr.LetExpression.processLeavingTail(LetExpression.java:405)
	at net.sf.saxon.instruct.Block.processLeavingTail(Block.java:365)
	at net.sf.saxon.instruct.Instruction.process(Instruction.java:91)
	at net.sf.saxon.instruct.ElementCreator.processLeavingTail(ElementCreator.java:240)
	at net.sf.saxon.expr.LetExpression.processLeavingTail(LetExpression.java:405)
	at net.sf.saxon.instruct.Template.applyLeavingTail(Template.java:98)
	at net.sf.saxon.instruct.ApplyTemplates.applyTemplates(ApplyTemplates.java:317)
	at net.sf.saxon.instruct.ApplyTemplates.apply(ApplyTemplates.java:187)
	at net.sf.saxon.instruct.ApplyTemplates.processLeavingTail(ApplyTemplates.java:151)
	at net.sf.saxon.instruct.Block.processLeavingTail(Block.java:365)
	at net.sf.saxon.instruct.Instruction.process(Instruction.java:91)
	at net.sf.saxon.instruct.ElementCreator.processLeavingTail(ElementCreator.java:240)
	at net.sf.saxon.instruct.Template.applyLeavingTail(Template.java:98)
	at net.sf.saxon.instruct.ApplyTemplates.applyTemplates(ApplyTemplates.java:317)
	at net.sf.saxon.instruct.ApplyTemplates.apply(ApplyTemplates.java:187)
	at net.sf.saxon.instruct.ApplyTemplates.processLeavingTail(ApplyTemplates.java:151)
	at net.sf.saxon.instruct.Block.processLeavingTail(Block.java:365)
	at net.sf.saxon.instruct.Instruction.process(Instruction.java:91)
	at net.sf.saxon.instruct.ElementCreator.processLeavingTail(ElementCreator.java:240)
	at net.sf.saxon.instruct.Copy.processLeavingTail(Copy.java:152)
	at net.sf.saxon.instruct.Template.applyLeavingTail(Template.java:98)
	at net.sf.saxon.instruct.ApplyTemplates.applyTemplates(ApplyTemplates.java:317)
	at net.sf.saxon.instruct.ApplyTemplates.apply(ApplyTemplates.java:187)
	at net.sf.saxon.instruct.ApplyTemplates.process(ApplyTemplates.java:147)
	at net.sf.saxon.instruct.DocumentInstr.evaluateItem(DocumentInstr.java:243)
	at net.sf.saxon.instruct.DocumentInstr.processLeavingTail(DocumentInstr.java:177)
	at net.sf.saxon.instruct.Block.processLeavingTail(Block.java:365)
	at net.sf.saxon.instruct.Instruction.process(Instruction.java:91)
	at net.sf.saxon.instruct.DocumentInstr.evaluateItem(DocumentInstr.java:243)
	at net.sf.saxon.instruct.Instruction.iterate(Instruction.java:320)
	at net.sf.saxon.expr.ExpressionTool.evaluate(ExpressionTool.java:370)
	at net.sf.saxon.instruct.GlobalVariable.getSelectValue(GlobalVariable.java:180)
	at net.sf.saxon.instruct.GlobalVariable.evaluateVariable(GlobalVariable.java:204)
	at net.sf.saxon.expr.VariableReference.evaluateVariable(VariableReference.java:319)
	at net.sf.saxon.expr.VariableReference.iterate(VariableReference.java:275)
	at net.sf.saxon.expr.PathExpression.iterate(PathExpression.java:826)
	at net.sf.saxon.expr.PathExpression.iterate(PathExpression.java:826)
	at net.sf.saxon.value.Closure.iterate(Closure.java:192)
	at net.sf.saxon.value.Value.getIterator(Value.java:214)
	at net.sf.saxon.instruct.ApplyTemplates$ApplyTemplatesPackage.processLeavingTail(ApplyTemplates.java:486)
	at net.sf.saxon.instruct.ApplyTemplates.defaultAction(ApplyTemplates.java:352)
	at net.sf.saxon.instruct.ApplyTemplates.applyTemplates(ApplyTemplates.java:310)
	at net.sf.saxon.Controller.transformDocument(Controller.java:1705)
	at net.sf.saxon.Controller.transform(Controller.java:1513)
	at net.sf.saxon.Transform.processFile(Transform.java:860)
	at net.sf.saxon.Transform.doTransform(Transform.java:504)
	at net.sf.saxon.Transform.main(Transform.java:60)
	at sun.reflect.NativeMethodAccessorImpl.invoke0(Native Method)
	at sun.reflect.NativeMethodAccessorImpl.invoke(NativeMethodAccessorImpl.java:39)
	at sun.reflect.DelegatingMethodAccessorImpl.invoke(DelegatingMethodAccessorImpl.java:25)
	at java.lang.reflect.Method.invoke(Method.java:597)
	at org.apache.uima.adapter.jms.service.Dd2spring.convertDd2Spring(Dd2spring.java:157)
	at org.apache.uima.adapter.jms.service.Dd2spring.convertDd2Spring(Dd2spring.java:79)
	at org.apache.uima.adapter.jms.service.UIMA_Service.initialize(UIMA_Service.java:114)
	at org.apache.uima.adapter.jms.service.UIMA_Service.main(UIMA_Service.java:406)
	at sun.reflect.NativeMethodAccessorImpl.invoke0(Native Method)
	at sun.reflect.NativeMethodAccessorImpl.invoke(NativeMethodAccessorImpl.java:39)
	at sun.reflect.DelegatingMethodAccessorImpl.invoke(DelegatingMethodAccessorImpl.java:25)
	at java.lang.reflect.Method.invoke(Method.java:597)
	at org.apache.uima.bootstrap.UimaBootstrap.main(UimaBootstrap.java:98)

13-10-6 12:01:33 - 10: org.apache.uima.aae.deploymentDescriptor.XsltImportByName.resolveByName: 少御: 
org.apache.uima.util.InvalidXMLException: An import could not be resolved.  No .xml file with name "descriptors.TokenDescriptor" was found in the class path or data path. (Descriptor: <unknown>)
	at org.apache.uima.resource.metadata.impl.Import_impl.findAbsoluteUrl(Import_impl.java:107)
	at org.apache.uima.aae.deploymentDescriptor.XsltImportByName.resolveByName(XsltImportByName.java:39)
	at sun.reflect.NativeMethodAccessorImpl.invoke0(Native Method)
	at sun.reflect.NativeMethodAccessorImpl.invoke(NativeMethodAccessorImpl.java:39)
	at sun.reflect.DelegatingMethodAccessorImpl.invoke(DelegatingMethodAccessorImpl.java:25)
	at java.lang.reflect.Method.invoke(Method.java:597)
	at net.sf.saxon.functions.ExtensionFunctionCall.invokeMethod(ExtensionFunctionCall.java:513)
	at net.sf.saxon.functions.ExtensionFunctionCall.call(ExtensionFunctionCall.java:223)
	at net.sf.saxon.functions.ExtensionFunctionCall.iterate(ExtensionFunctionCall.java:111)
	at net.sf.saxon.instruct.BlockIterator.next(BlockIterator.java:42)
	at net.sf.saxon.value.SequenceExtent.<init>(SequenceExtent.java:98)
	at net.sf.saxon.value.SequenceExtent.makeSequenceExtent(SequenceExtent.java:129)
	at net.sf.saxon.expr.TailCallLoop.iterate(TailCallLoop.java:77)
	at net.sf.saxon.value.Closure.iterate(Closure.java:192)
	at net.sf.saxon.value.Value.getIterator(Value.java:214)
	at net.sf.saxon.expr.UserFunctionCall.iterate(UserFunctionCall.java:300)
	at net.sf.saxon.expr.ExpressionTool.evaluate(ExpressionTool.java:370)
	at net.sf.saxon.expr.LetExpression.eval(LetExpression.java:229)
	at net.sf.saxon.expr.LetExpression.process(LetExpression.java:260)
	at net.sf.saxon.instruct.ForEach.processLeavingTail(ForEach.java:243)
	at net.sf.saxon.instruct.Instruction.process(Instruction.java:91)
	at net.sf.saxon.instruct.ElementCreator.processLeavingTail(ElementCreator.java:240)
	at net.sf.saxon.instruct.Block.processLeavingTail(Block.java:365)
	at net.sf.saxon.expr.LetExpression.processLeavingTail(LetExpression.java:405)
	at net.sf.saxon.instruct.Block.processLeavingTail(Block.java:365)
	at net.sf.saxon.instruct.Template.expand(Template.java:112)
	at net.sf.saxon.instruct.CallTemplate.process(CallTemplate.java:212)
	at net.sf.saxon.instruct.CallTemplate.processLeavingTail(CallTemplate.java:237)
	at net.sf.saxon.instruct.Block.processLeavingTail(Block.java:365)
	at net.sf.saxon.instruct.Choose.processLeavingTail(Choose.java:347)
	at net.sf.saxon.instruct.Block.processLeavingTail(Block.java:365)
	at net.sf.saxon.instruct.Instruction.process(Instruction.java:91)
	at net.sf.saxon.instruct.ElementCreator.processLeavingTail(ElementCreator.java:240)
	at net.sf.saxon.instruct.Block.processLeavingTail(Block.java:365)
	at net.sf.saxon.expr.LetExpression.processLeavingTail(LetExpression.java:405)
	at net.sf.saxon.instruct.Block.processLeavingTail(Block.java:365)
	at net.sf.saxon.expr.LetExpression.processLeavingTail(LetExpression.java:405)
	at net.sf.saxon.instruct.Block.processLeavingTail(Block.java:365)
	at net.sf.saxon.instruct.Template.applyLeavingTail(Template.java:98)
	at net.sf.saxon.instruct.ApplyTemplates.applyTemplates(ApplyTemplates.java:317)
	at net.sf.saxon.instruct.ApplyTemplates.apply(ApplyTemplates.java:187)
	at net.sf.saxon.instruct.ApplyTemplates.processLeavingTail(ApplyTemplates.java:151)
	at net.sf.saxon.expr.LetExpression.processLeavingTail(LetExpression.java:405)
	at net.sf.saxon.instruct.Block.processLeavingTail(Block.java:365)
	at net.sf.saxon.instruct.Instruction.process(Instruction.java:91)
	at net.sf.saxon.instruct.ElementCreator.processLeavingTail(ElementCreator.java:240)
	at net.sf.saxon.expr.LetExpression.processLeavingTail(LetExpression.java:405)
	at net.sf.saxon.instruct.Template.applyLeavingTail(Template.java:98)
	at net.sf.saxon.instruct.ApplyTemplates.applyTemplates(ApplyTemplates.java:317)
	at net.sf.saxon.instruct.ApplyTemplates.apply(ApplyTemplates.java:187)
	at net.sf.saxon.instruct.ApplyTemplates.processLeavingTail(ApplyTemplates.java:151)
	at net.sf.saxon.instruct.Block.processLeavingTail(Block.java:365)
	at net.sf.saxon.instruct.Instruction.process(Instruction.java:91)
	at net.sf.saxon.instruct.ElementCreator.processLeavingTail(ElementCreator.java:240)
	at net.sf.saxon.instruct.Template.applyLeavingTail(Template.java:98)
	at net.sf.saxon.instruct.ApplyTemplates.applyTemplates(ApplyTemplates.java:317)
	at net.sf.saxon.instruct.ApplyTemplates.apply(ApplyTemplates.java:187)
	at net.sf.saxon.instruct.ApplyTemplates.processLeavingTail(ApplyTemplates.java:151)
	at net.sf.saxon.instruct.Block.processLeavingTail(Block.java:365)
	at net.sf.saxon.instruct.Instruction.process(Instruction.java:91)
	at net.sf.saxon.instruct.ElementCreator.processLeavingTail(ElementCreator.java:240)
	at net.sf.saxon.instruct.Copy.processLeavingTail(Copy.java:152)
	at net.sf.saxon.instruct.Template.applyLeavingTail(Template.java:98)
	at net.sf.saxon.instruct.ApplyTemplates.applyTemplates(ApplyTemplates.java:317)
	at net.sf.saxon.instruct.ApplyTemplates.apply(ApplyTemplates.java:187)
	at net.sf.saxon.instruct.ApplyTemplates.process(ApplyTemplates.java:147)
	at net.sf.saxon.instruct.DocumentInstr.evaluateItem(DocumentInstr.java:243)
	at net.sf.saxon.instruct.DocumentInstr.processLeavingTail(DocumentInstr.java:177)
	at net.sf.saxon.instruct.Block.processLeavingTail(Block.java:365)
	at net.sf.saxon.instruct.Instruction.process(Instruction.java:91)
	at net.sf.saxon.instruct.DocumentInstr.evaluateItem(DocumentInstr.java:243)
	at net.sf.saxon.instruct.Instruction.iterate(Instruction.java:320)
	at net.sf.saxon.expr.ExpressionTool.evaluate(ExpressionTool.java:370)
	at net.sf.saxon.instruct.GlobalVariable.getSelectValue(GlobalVariable.java:180)
	at net.sf.saxon.instruct.GlobalVariable.evaluateVariable(GlobalVariable.java:204)
	at net.sf.saxon.expr.VariableReference.evaluateVariable(VariableReference.java:319)
	at net.sf.saxon.expr.VariableReference.iterate(VariableReference.java:275)
	at net.sf.saxon.expr.PathExpression.iterate(PathExpression.java:826)
	at net.sf.saxon.expr.PathExpression.iterate(PathExpression.java:826)
	at net.sf.saxon.value.Closure.iterate(Closure.java:192)
	at net.sf.saxon.value.Value.getIterator(Value.java:214)
	at net.sf.saxon.instruct.ApplyTemplates$ApplyTemplatesPackage.processLeavingTail(ApplyTemplates.java:486)
	at net.sf.saxon.instruct.ApplyTemplates.defaultAction(ApplyTemplates.java:352)
	at net.sf.saxon.instruct.ApplyTemplates.applyTemplates(ApplyTemplates.java:310)
	at net.sf.saxon.Controller.transformDocument(Controller.java:1705)
	at net.sf.saxon.Controller.transform(Controller.java:1513)
	at net.sf.saxon.Transform.processFile(Transform.java:860)
	at net.sf.saxon.Transform.doTransform(Transform.java:504)
	at net.sf.saxon.Transform.main(Transform.java:60)
	at sun.reflect.NativeMethodAccessorImpl.invoke0(Native Method)
	at sun.reflect.NativeMethodAccessorImpl.invoke(NativeMethodAccessorImpl.java:39)
	at sun.reflect.DelegatingMethodAccessorImpl.invoke(DelegatingMethodAccessorImpl.java:25)
	at java.lang.reflect.Method.invoke(Method.java:597)
	at org.apache.uima.adapter.jms.service.Dd2spring.convertDd2Spring(Dd2spring.java:157)
	at org.apache.uima.adapter.jms.service.Dd2spring.convertDd2Spring(Dd2spring.java:79)
	at org.apache.uima.adapter.jms.service.UIMA_Service.initialize(UIMA_Service.java:114)
	at org.apache.uima.adapter.jms.service.UIMA_Service.main(UIMA_Service.java:406)
	at sun.reflect.NativeMethodAccessorImpl.invoke0(Native Method)
	at sun.reflect.NativeMethodAccessorImpl.invoke(NativeMethodAccessorImpl.java:39)
	at sun.reflect.DelegatingMethodAccessorImpl.invoke(DelegatingMethodAccessorImpl.java:25)
	at java.lang.reflect.Method.invoke(Method.java:597)
	at org.apache.uima.bootstrap.UimaBootstrap.main(UimaBootstrap.java:98)

13-10-6 12:01:33 - 10: org.apache.uima.aae.deploymentDescriptor.XsltImportByName.resolveByName: 少御: 
org.apache.uima.util.InvalidXMLException: An import could not be resolved.  No .xml file with name "descriptors.TokenDescriptor" was found in the class path or data path. (Descriptor: <unknown>)
	at org.apache.uima.resource.metadata.impl.Import_impl.findAbsoluteUrl(Import_impl.java:107)
	at org.apache.uima.aae.deploymentDescriptor.XsltImportByName.resolveByName(XsltImportByName.java:39)
	at sun.reflect.NativeMethodAccessorImpl.invoke0(Native Method)
	at sun.reflect.NativeMethodAccessorImpl.invoke(NativeMethodAccessorImpl.java:39)
	at sun.reflect.DelegatingMethodAccessorImpl.invoke(DelegatingMethodAccessorImpl.java:25)
	at java.lang.reflect.Method.invoke(Method.java:597)
	at net.sf.saxon.functions.ExtensionFunctionCall.invokeMethod(ExtensionFunctionCall.java:513)
	at net.sf.saxon.functions.ExtensionFunctionCall.call(ExtensionFunctionCall.java:223)
	at net.sf.saxon.functions.ExtensionFunctionCall.iterate(ExtensionFunctionCall.java:111)
	at net.sf.saxon.functions.Document.iterate(Document.java:90)
	at net.sf.saxon.instruct.Choose.iterate(Choose.java:415)
	at net.sf.saxon.expr.TailCallLoop.iterate(TailCallLoop.java:76)
	at net.sf.saxon.value.Closure.iterate(Closure.java:192)
	at net.sf.saxon.value.Value.asIterator(Value.java:117)
	at net.sf.saxon.expr.TailCallLoop.iterate(TailCallLoop.java:83)
	at net.sf.saxon.value.Closure.iterate(Closure.java:192)
	at net.sf.saxon.value.Value.getIterator(Value.java:214)
	at net.sf.saxon.expr.UserFunctionCall.iterate(UserFunctionCall.java:300)
	at net.sf.saxon.value.MemoClosure.iterate(MemoClosure.java:89)
	at net.sf.saxon.value.Value.getIterator(Value.java:214)
	at net.sf.saxon.expr.VariableReference.iterate(VariableReference.java:276)
	at net.sf.saxon.expr.Expression.effectiveBooleanValue(Expression.java:299)
	at net.sf.saxon.functions.BooleanFn.effectiveBooleanValue(BooleanFn.java:138)
	at net.sf.saxon.instruct.Choose.processLeavingTail(Choose.java:334)
	at net.sf.saxon.instruct.Block.processLeavingTail(Block.java:365)
	at net.sf.saxon.instruct.Instruction.process(Instruction.java:91)
	at net.sf.saxon.expr.LetExpression.process(LetExpression.java:268)
	at net.sf.saxon.instruct.UserFunction.process(UserFunction.java:284)
	at net.sf.saxon.expr.UserFunctionCall.process(UserFunctionCall.java:349)
	at net.sf.saxon.value.MemoClosure.process(MemoClosure.java:177)
	at net.sf.saxon.expr.VariableReference.process(VariableReference.java:306)
	at net.sf.saxon.instruct.Block.processLeavingTail(Block.java:367)
	at net.sf.saxon.instruct.Instruction.process(Instruction.java:91)
	at net.sf.saxon.instruct.ElementCreator.processLeavingTail(ElementCreator.java:240)
	at net.sf.saxon.instruct.Block.processLeavingTail(Block.java:365)
	at net.sf.saxon.instruct.Instruction.process(Instruction.java:91)
	at net.sf.saxon.instruct.ElementCreator.processLeavingTail(ElementCreator.java:240)
	at net.sf.saxon.instruct.Block.processLeavingTail(Block.java:365)
	at net.sf.saxon.expr.LetExpression.processLeavingTail(LetExpression.java:405)
	at net.sf.saxon.instruct.Block.processLeavingTail(Block.java:365)
	at net.sf.saxon.expr.LetExpression.processLeavingTail(LetExpression.java:405)
	at net.sf.saxon.instruct.Block.processLeavingTail(Block.java:365)
	at net.sf.saxon.instruct.Template.applyLeavingTail(Template.java:98)
	at net.sf.saxon.instruct.ApplyTemplates.applyTemplates(ApplyTemplates.java:317)
	at net.sf.saxon.instruct.ApplyTemplates.apply(ApplyTemplates.java:187)
	at net.sf.saxon.instruct.ApplyTemplates.process(ApplyTemplates.java:147)
	at net.sf.saxon.expr.LetExpression.process(LetExpression.java:268)
	at net.sf.saxon.instruct.ForEach.processLeavingTail(ForEach.java:243)
	at net.sf.saxon.instruct.Instruction.process(Instruction.java:91)
	at net.sf.saxon.instruct.ElementCreator.processLeavingTail(ElementCreator.java:240)
	at net.sf.saxon.instruct.Block.processLeavingTail(Block.java:365)
	at net.sf.saxon.expr.LetExpression.processLeavingTail(LetExpression.java:405)
	at net.sf.saxon.instruct.Block.processLeavingTail(Block.java:365)
	at net.sf.saxon.instruct.Template.expand(Template.java:112)
	at net.sf.saxon.instruct.CallTemplate.process(CallTemplate.java:212)
	at net.sf.saxon.instruct.CallTemplate.processLeavingTail(CallTemplate.java:237)
	at net.sf.saxon.instruct.Block.processLeavingTail(Block.java:365)
	at net.sf.saxon.instruct.Choose.processLeavingTail(Choose.java:347)
	at net.sf.saxon.instruct.Block.processLeavingTail(Block.java:365)
	at net.sf.saxon.instruct.Instruction.process(Instruction.java:91)
	at net.sf.saxon.instruct.ElementCreator.processLeavingTail(ElementCreator.java:240)
	at net.sf.saxon.instruct.Block.processLeavingTail(Block.java:365)
	at net.sf.saxon.expr.LetExpression.processLeavingTail(LetExpression.java:405)
	at net.sf.saxon.instruct.Block.processLeavingTail(Block.java:365)
	at net.sf.saxon.expr.LetExpression.processLeavingTail(LetExpression.java:405)
	at net.sf.saxon.instruct.Block.processLeavingTail(Block.java:365)
	at net.sf.saxon.instruct.Template.applyLeavingTail(Template.java:98)
	at net.sf.saxon.instruct.ApplyTemplates.applyTemplates(ApplyTemplates.java:317)
	at net.sf.saxon.instruct.ApplyTemplates.apply(ApplyTemplates.java:187)
	at net.sf.saxon.instruct.ApplyTemplates.processLeavingTail(ApplyTemplates.java:151)
	at net.sf.saxon.expr.LetExpression.processLeavingTail(LetExpression.java:405)
	at net.sf.saxon.instruct.Block.processLeavingTail(Block.java:365)
	at net.sf.saxon.instruct.Instruction.process(Instruction.java:91)
	at net.sf.saxon.instruct.ElementCreator.processLeavingTail(ElementCreator.java:240)
	at net.sf.saxon.expr.LetExpression.processLeavingTail(LetExpression.java:405)
	at net.sf.saxon.instruct.Template.applyLeavingTail(Template.java:98)
	at net.sf.saxon.instruct.ApplyTemplates.applyTemplates(ApplyTemplates.java:317)
	at net.sf.saxon.instruct.ApplyTemplates.apply(ApplyTemplates.java:187)
	at net.sf.saxon.instruct.ApplyTemplates.processLeavingTail(ApplyTemplates.java:151)
	at net.sf.saxon.instruct.Block.processLeavingTail(Block.java:365)
	at net.sf.saxon.instruct.Instruction.process(Instruction.java:91)
	at net.sf.saxon.instruct.ElementCreator.processLeavingTail(ElementCreator.java:240)
	at net.sf.saxon.instruct.Template.applyLeavingTail(Template.java:98)
	at net.sf.saxon.instruct.ApplyTemplates.applyTemplates(ApplyTemplates.java:317)
	at net.sf.saxon.instruct.ApplyTemplates.apply(ApplyTemplates.java:187)
	at net.sf.saxon.instruct.ApplyTemplates.processLeavingTail(ApplyTemplates.java:151)
	at net.sf.saxon.instruct.Block.processLeavingTail(Block.java:365)
	at net.sf.saxon.instruct.Instruction.process(Instruction.java:91)
	at net.sf.saxon.instruct.ElementCreator.processLeavingTail(ElementCreator.java:240)
	at net.sf.saxon.instruct.Copy.processLeavingTail(Copy.java:152)
	at net.sf.saxon.instruct.Template.applyLeavingTail(Template.java:98)
	at net.sf.saxon.instruct.ApplyTemplates.applyTemplates(ApplyTemplates.java:317)
	at net.sf.saxon.instruct.ApplyTemplates.apply(ApplyTemplates.java:187)
	at net.sf.saxon.instruct.ApplyTemplates.process(ApplyTemplates.java:147)
	at net.sf.saxon.instruct.DocumentInstr.evaluateItem(DocumentInstr.java:243)
	at net.sf.saxon.instruct.DocumentInstr.processLeavingTail(DocumentInstr.java:177)
	at net.sf.saxon.instruct.Block.processLeavingTail(Block.java:365)
	at net.sf.saxon.instruct.Instruction.process(Instruction.java:91)
	at net.sf.saxon.instruct.DocumentInstr.evaluateItem(DocumentInstr.java:243)
	at net.sf.saxon.instruct.Instruction.iterate(Instruction.java:320)
	at net.sf.saxon.expr.ExpressionTool.evaluate(ExpressionTool.java:370)
	at net.sf.saxon.instruct.GlobalVariable.getSelectValue(GlobalVariable.java:180)
	at net.sf.saxon.instruct.GlobalVariable.evaluateVariable(GlobalVariable.java:204)
	at net.sf.saxon.expr.VariableReference.evaluateVariable(VariableReference.java:319)
	at net.sf.saxon.expr.VariableReference.iterate(VariableReference.java:275)
	at net.sf.saxon.expr.PathExpression.iterate(PathExpression.java:826)
	at net.sf.saxon.expr.PathExpression.iterate(PathExpression.java:826)
	at net.sf.saxon.value.Closure.iterate(Closure.java:192)
	at net.sf.saxon.value.Value.getIterator(Value.java:214)
	at net.sf.saxon.instruct.ApplyTemplates$ApplyTemplatesPackage.processLeavingTail(ApplyTemplates.java:486)
	at net.sf.saxon.instruct.ApplyTemplates.defaultAction(ApplyTemplates.java:352)
	at net.sf.saxon.instruct.ApplyTemplates.applyTemplates(ApplyTemplates.java:310)
	at net.sf.saxon.Controller.transformDocument(Controller.java:1705)
	at net.sf.saxon.Controller.transform(Controller.java:1513)
	at net.sf.saxon.Transform.processFile(Transform.java:860)
	at net.sf.saxon.Transform.doTransform(Transform.java:504)
	at net.sf.saxon.Transform.main(Transform.java:60)
	at sun.reflect.NativeMethodAccessorImpl.invoke0(Native Method)
	at sun.reflect.NativeMethodAccessorImpl.invoke(NativeMethodAccessorImpl.java:39)
	at sun.reflect.DelegatingMethodAccessorImpl.invoke(DelegatingMethodAccessorImpl.java:25)
	at java.lang.reflect.Method.invoke(Method.java:597)
	at org.apache.uima.adapter.jms.service.Dd2spring.convertDd2Spring(Dd2spring.java:157)
	at org.apache.uima.adapter.jms.service.Dd2spring.convertDd2Spring(Dd2spring.java:79)
	at org.apache.uima.adapter.jms.service.UIMA_Service.initialize(UIMA_Service.java:114)
	at org.apache.uima.adapter.jms.service.UIMA_Service.main(UIMA_Service.java:406)
	at sun.reflect.NativeMethodAccessorImpl.invoke0(Native Method)
	at sun.reflect.NativeMethodAccessorImpl.invoke(NativeMethodAccessorImpl.java:39)
	at sun.reflect.DelegatingMethodAccessorImpl.invoke(DelegatingMethodAccessorImpl.java:25)
	at java.lang.reflect.Method.invoke(Method.java:597)
	at org.apache.uima.bootstrap.UimaBootstrap.main(UimaBootstrap.java:98)

13-10-6 12:01:33 - 10: org.apache.uima.aae.deploymentDescriptor.XsltImportByName.resolveByName: 少御: 
org.apache.uima.util.InvalidXMLException: An import could not be resolved.  No .xml file with name "descriptors.NGramDescriptor" was found in the class path or data path. (Descriptor: <unknown>)
	at org.apache.uima.resource.metadata.impl.Import_impl.findAbsoluteUrl(Import_impl.java:107)
	at org.apache.uima.aae.deploymentDescriptor.XsltImportByName.resolveByName(XsltImportByName.java:39)
	at sun.reflect.NativeMethodAccessorImpl.invoke0(Native Method)
	at sun.reflect.NativeMethodAccessorImpl.invoke(NativeMethodAccessorImpl.java:39)
	at sun.reflect.DelegatingMethodAccessorImpl.invoke(DelegatingMethodAccessorImpl.java:25)
	at java.lang.reflect.Method.invoke(Method.java:597)
	at net.sf.saxon.functions.ExtensionFunctionCall.invokeMethod(ExtensionFunctionCall.java:513)
	at net.sf.saxon.functions.ExtensionFunctionCall.call(ExtensionFunctionCall.java:223)
	at net.sf.saxon.functions.ExtensionFunctionCall.iterate(ExtensionFunctionCall.java:111)
	at net.sf.saxon.instruct.BlockIterator.next(BlockIterator.java:42)
	at net.sf.saxon.value.SequenceExtent.<init>(SequenceExtent.java:98)
	at net.sf.saxon.value.SequenceExtent.makeSequenceExtent(SequenceExtent.java:129)
	at net.sf.saxon.expr.TailCallLoop.iterate(TailCallLoop.java:77)
	at net.sf.saxon.value.Closure.iterate(Closure.java:192)
	at net.sf.saxon.value.Value.getIterator(Value.java:214)
	at net.sf.saxon.expr.UserFunctionCall.iterate(UserFunctionCall.java:300)
	at net.sf.saxon.expr.ExpressionTool.evaluate(ExpressionTool.java:370)
	at net.sf.saxon.expr.LetExpression.eval(LetExpression.java:229)
	at net.sf.saxon.expr.LetExpression.process(LetExpression.java:260)
	at net.sf.saxon.instruct.ForEach.processLeavingTail(ForEach.java:243)
	at net.sf.saxon.instruct.Instruction.process(Instruction.java:91)
	at net.sf.saxon.instruct.ElementCreator.processLeavingTail(ElementCreator.java:240)
	at net.sf.saxon.instruct.Block.processLeavingTail(Block.java:365)
	at net.sf.saxon.expr.LetExpression.processLeavingTail(LetExpression.java:405)
	at net.sf.saxon.instruct.Block.processLeavingTail(Block.java:365)
	at net.sf.saxon.instruct.Template.expand(Template.java:112)
	at net.sf.saxon.instruct.CallTemplate.process(CallTemplate.java:212)
	at net.sf.saxon.instruct.CallTemplate.processLeavingTail(CallTemplate.java:237)
	at net.sf.saxon.instruct.Block.processLeavingTail(Block.java:365)
	at net.sf.saxon.instruct.Choose.processLeavingTail(Choose.java:347)
	at net.sf.saxon.instruct.Block.processLeavingTail(Block.java:365)
	at net.sf.saxon.instruct.Instruction.process(Instruction.java:91)
	at net.sf.saxon.instruct.ElementCreator.processLeavingTail(ElementCreator.java:240)
	at net.sf.saxon.instruct.Block.processLeavingTail(Block.java:365)
	at net.sf.saxon.expr.LetExpression.processLeavingTail(LetExpression.java:405)
	at net.sf.saxon.instruct.Block.processLeavingTail(Block.java:365)
	at net.sf.saxon.expr.LetExpression.processLeavingTail(LetExpression.java:405)
	at net.sf.saxon.instruct.Block.processLeavingTail(Block.java:365)
	at net.sf.saxon.instruct.Template.applyLeavingTail(Template.java:98)
	at net.sf.saxon.instruct.ApplyTemplates.applyTemplates(ApplyTemplates.java:317)
	at net.sf.saxon.instruct.ApplyTemplates.apply(ApplyTemplates.java:187)
	at net.sf.saxon.instruct.ApplyTemplates.processLeavingTail(ApplyTemplates.java:151)
	at net.sf.saxon.expr.LetExpression.processLeavingTail(LetExpression.java:405)
	at net.sf.saxon.instruct.Block.processLeavingTail(Block.java:365)
	at net.sf.saxon.instruct.Instruction.process(Instruction.java:91)
	at net.sf.saxon.instruct.ElementCreator.processLeavingTail(ElementCreator.java:240)
	at net.sf.saxon.expr.LetExpression.processLeavingTail(LetExpression.java:405)
	at net.sf.saxon.instruct.Template.applyLeavingTail(Template.java:98)
	at net.sf.saxon.instruct.ApplyTemplates.applyTemplates(ApplyTemplates.java:317)
	at net.sf.saxon.instruct.ApplyTemplates.apply(ApplyTemplates.java:187)
	at net.sf.saxon.instruct.ApplyTemplates.processLeavingTail(ApplyTemplates.java:151)
	at net.sf.saxon.instruct.Block.processLeavingTail(Block.java:365)
	at net.sf.saxon.instruct.Instruction.process(Instruction.java:91)
	at net.sf.saxon.instruct.ElementCreator.processLeavingTail(ElementCreator.java:240)
	at net.sf.saxon.instruct.Template.applyLeavingTail(Template.java:98)
	at net.sf.saxon.instruct.ApplyTemplates.applyTemplates(ApplyTemplates.java:317)
	at net.sf.saxon.instruct.ApplyTemplates.apply(ApplyTemplates.java:187)
	at net.sf.saxon.instruct.ApplyTemplates.processLeavingTail(ApplyTemplates.java:151)
	at net.sf.saxon.instruct.Block.processLeavingTail(Block.java:365)
	at net.sf.saxon.instruct.Instruction.process(Instruction.java:91)
	at net.sf.saxon.instruct.ElementCreator.processLeavingTail(ElementCreator.java:240)
	at net.sf.saxon.instruct.Copy.processLeavingTail(Copy.java:152)
	at net.sf.saxon.instruct.Template.applyLeavingTail(Template.java:98)
	at net.sf.saxon.instruct.ApplyTemplates.applyTemplates(ApplyTemplates.java:317)
	at net.sf.saxon.instruct.ApplyTemplates.apply(ApplyTemplates.java:187)
	at net.sf.saxon.instruct.ApplyTemplates.process(ApplyTemplates.java:147)
	at net.sf.saxon.instruct.DocumentInstr.evaluateItem(DocumentInstr.java:243)
	at net.sf.saxon.instruct.DocumentInstr.processLeavingTail(DocumentInstr.java:177)
	at net.sf.saxon.instruct.Block.processLeavingTail(Block.java:365)
	at net.sf.saxon.instruct.Instruction.process(Instruction.java:91)
	at net.sf.saxon.instruct.DocumentInstr.evaluateItem(DocumentInstr.java:243)
	at net.sf.saxon.instruct.Instruction.iterate(Instruction.java:320)
	at net.sf.saxon.expr.ExpressionTool.evaluate(ExpressionTool.java:370)
	at net.sf.saxon.instruct.GlobalVariable.getSelectValue(GlobalVariable.java:180)
	at net.sf.saxon.instruct.GlobalVariable.evaluateVariable(GlobalVariable.java:204)
	at net.sf.saxon.expr.VariableReference.evaluateVariable(VariableReference.java:319)
	at net.sf.saxon.expr.VariableReference.iterate(VariableReference.java:275)
	at net.sf.saxon.expr.PathExpression.iterate(PathExpression.java:826)
	at net.sf.saxon.expr.PathExpression.iterate(PathExpression.java:826)
	at net.sf.saxon.value.Closure.iterate(Closure.java:192)
	at net.sf.saxon.value.Value.getIterator(Value.java:214)
	at net.sf.saxon.instruct.ApplyTemplates$ApplyTemplatesPackage.processLeavingTail(ApplyTemplates.java:486)
	at net.sf.saxon.instruct.ApplyTemplates.defaultAction(ApplyTemplates.java:352)
	at net.sf.saxon.instruct.ApplyTemplates.applyTemplates(ApplyTemplates.java:310)
	at net.sf.saxon.Controller.transformDocument(Controller.java:1705)
	at net.sf.saxon.Controller.transform(Controller.java:1513)
	at net.sf.saxon.Transform.processFile(Transform.java:860)
	at net.sf.saxon.Transform.doTransform(Transform.java:504)
	at net.sf.saxon.Transform.main(Transform.java:60)
	at sun.reflect.NativeMethodAccessorImpl.invoke0(Native Method)
	at sun.reflect.NativeMethodAccessorImpl.invoke(NativeMethodAccessorImpl.java:39)
	at sun.reflect.DelegatingMethodAccessorImpl.invoke(DelegatingMethodAccessorImpl.java:25)
	at java.lang.reflect.Method.invoke(Method.java:597)
	at org.apache.uima.adapter.jms.service.Dd2spring.convertDd2Spring(Dd2spring.java:157)
	at org.apache.uima.adapter.jms.service.Dd2spring.convertDd2Spring(Dd2spring.java:79)
	at org.apache.uima.adapter.jms.service.UIMA_Service.initialize(UIMA_Service.java:114)
	at org.apache.uima.adapter.jms.service.UIMA_Service.main(UIMA_Service.java:406)
	at sun.reflect.NativeMethodAccessorImpl.invoke0(Native Method)
	at sun.reflect.NativeMethodAccessorImpl.invoke(NativeMethodAccessorImpl.java:39)
	at sun.reflect.DelegatingMethodAccessorImpl.invoke(DelegatingMethodAccessorImpl.java:25)
	at java.lang.reflect.Method.invoke(Method.java:597)
	at org.apache.uima.bootstrap.UimaBootstrap.main(UimaBootstrap.java:98)

13-10-6 12:01:33 - 10: org.apache.uima.aae.deploymentDescriptor.XsltImportByName.resolveByName: 少御: 
org.apache.uima.util.InvalidXMLException: An import could not be resolved.  No .xml file with name "descriptors.NGramDescriptor" was found in the class path or data path. (Descriptor: <unknown>)
	at org.apache.uima.resource.metadata.impl.Import_impl.findAbsoluteUrl(Import_impl.java:107)
	at org.apache.uima.aae.deploymentDescriptor.XsltImportByName.resolveByName(XsltImportByName.java:39)
	at sun.reflect.NativeMethodAccessorImpl.invoke0(Native Method)
	at sun.reflect.NativeMethodAccessorImpl.invoke(NativeMethodAccessorImpl.java:39)
	at sun.reflect.DelegatingMethodAccessorImpl.invoke(DelegatingMethodAccessorImpl.java:25)
	at java.lang.reflect.Method.invoke(Method.java:597)
	at net.sf.saxon.functions.ExtensionFunctionCall.invokeMethod(ExtensionFunctionCall.java:513)
	at net.sf.saxon.functions.ExtensionFunctionCall.call(ExtensionFunctionCall.java:223)
	at net.sf.saxon.functions.ExtensionFunctionCall.iterate(ExtensionFunctionCall.java:111)
	at net.sf.saxon.functions.Document.iterate(Document.java:90)
	at net.sf.saxon.instruct.Choose.iterate(Choose.java:415)
	at net.sf.saxon.expr.TailCallLoop.iterate(TailCallLoop.java:76)
	at net.sf.saxon.value.Closure.iterate(Closure.java:192)
	at net.sf.saxon.value.Value.asIterator(Value.java:117)
	at net.sf.saxon.expr.TailCallLoop.iterate(TailCallLoop.java:83)
	at net.sf.saxon.value.Closure.iterate(Closure.java:192)
	at net.sf.saxon.value.Value.getIterator(Value.java:214)
	at net.sf.saxon.expr.UserFunctionCall.iterate(UserFunctionCall.java:300)
	at net.sf.saxon.value.MemoClosure.iterate(MemoClosure.java:89)
	at net.sf.saxon.value.Value.getIterator(Value.java:214)
	at net.sf.saxon.expr.VariableReference.iterate(VariableReference.java:276)
	at net.sf.saxon.expr.Expression.effectiveBooleanValue(Expression.java:299)
	at net.sf.saxon.functions.BooleanFn.effectiveBooleanValue(BooleanFn.java:138)
	at net.sf.saxon.instruct.Choose.processLeavingTail(Choose.java:334)
	at net.sf.saxon.instruct.Block.processLeavingTail(Block.java:365)
	at net.sf.saxon.instruct.Instruction.process(Instruction.java:91)
	at net.sf.saxon.expr.LetExpression.process(LetExpression.java:268)
	at net.sf.saxon.instruct.UserFunction.process(UserFunction.java:284)
	at net.sf.saxon.expr.UserFunctionCall.process(UserFunctionCall.java:349)
	at net.sf.saxon.value.MemoClosure.process(MemoClosure.java:177)
	at net.sf.saxon.expr.VariableReference.process(VariableReference.java:306)
	at net.sf.saxon.instruct.Block.processLeavingTail(Block.java:367)
	at net.sf.saxon.instruct.Instruction.process(Instruction.java:91)
	at net.sf.saxon.instruct.ElementCreator.processLeavingTail(ElementCreator.java:240)
	at net.sf.saxon.instruct.Block.processLeavingTail(Block.java:365)
	at net.sf.saxon.instruct.Instruction.process(Instruction.java:91)
	at net.sf.saxon.instruct.ElementCreator.processLeavingTail(ElementCreator.java:240)
	at net.sf.saxon.instruct.Block.processLeavingTail(Block.java:365)
	at net.sf.saxon.expr.LetExpression.processLeavingTail(LetExpression.java:405)
	at net.sf.saxon.instruct.Block.processLeavingTail(Block.java:365)
	at net.sf.saxon.expr.LetExpression.processLeavingTail(LetExpression.java:405)
	at net.sf.saxon.instruct.Block.processLeavingTail(Block.java:365)
	at net.sf.saxon.instruct.Template.applyLeavingTail(Template.java:98)
	at net.sf.saxon.instruct.ApplyTemplates.applyTemplates(ApplyTemplates.java:317)
	at net.sf.saxon.instruct.ApplyTemplates.apply(ApplyTemplates.java:187)
	at net.sf.saxon.instruct.ApplyTemplates.process(ApplyTemplates.java:147)
	at net.sf.saxon.expr.LetExpression.process(LetExpression.java:268)
	at net.sf.saxon.instruct.ForEach.processLeavingTail(ForEach.java:243)
	at net.sf.saxon.instruct.Instruction.process(Instruction.java:91)
	at net.sf.saxon.instruct.ElementCreator.processLeavingTail(ElementCreator.java:240)
	at net.sf.saxon.instruct.Block.processLeavingTail(Block.java:365)
	at net.sf.saxon.expr.LetExpression.processLeavingTail(LetExpression.java:405)
	at net.sf.saxon.instruct.Block.processLeavingTail(Block.java:365)
	at net.sf.saxon.instruct.Template.expand(Template.java:112)
	at net.sf.saxon.instruct.CallTemplate.process(CallTemplate.java:212)
	at net.sf.saxon.instruct.CallTemplate.processLeavingTail(CallTemplate.java:237)
	at net.sf.saxon.instruct.Block.processLeavingTail(Block.java:365)
	at net.sf.saxon.instruct.Choose.processLeavingTail(Choose.java:347)
	at net.sf.saxon.instruct.Block.processLeavingTail(Block.java:365)
	at net.sf.saxon.instruct.Instruction.process(Instruction.java:91)
	at net.sf.saxon.instruct.ElementCreator.processLeavingTail(ElementCreator.java:240)
	at net.sf.saxon.instruct.Block.processLeavingTail(Block.java:365)
	at net.sf.saxon.expr.LetExpression.processLeavingTail(LetExpression.java:405)
	at net.sf.saxon.instruct.Block.processLeavingTail(Block.java:365)
	at net.sf.saxon.expr.LetExpression.processLeavingTail(LetExpression.java:405)
	at net.sf.saxon.instruct.Block.processLeavingTail(Block.java:365)
	at net.sf.saxon.instruct.Template.applyLeavingTail(Template.java:98)
	at net.sf.saxon.instruct.ApplyTemplates.applyTemplates(ApplyTemplates.java:317)
	at net.sf.saxon.instruct.ApplyTemplates.apply(ApplyTemplates.java:187)
	at net.sf.saxon.instruct.ApplyTemplates.processLeavingTail(ApplyTemplates.java:151)
	at net.sf.saxon.expr.LetExpression.processLeavingTail(LetExpression.java:405)
	at net.sf.saxon.instruct.Block.processLeavingTail(Block.java:365)
	at net.sf.saxon.instruct.Instruction.process(Instruction.java:91)
	at net.sf.saxon.instruct.ElementCreator.processLeavingTail(ElementCreator.java:240)
	at net.sf.saxon.expr.LetExpression.processLeavingTail(LetExpression.java:405)
	at net.sf.saxon.instruct.Template.applyLeavingTail(Template.java:98)
	at net.sf.saxon.instruct.ApplyTemplates.applyTemplates(ApplyTemplates.java:317)
	at net.sf.saxon.instruct.ApplyTemplates.apply(ApplyTemplates.java:187)
	at net.sf.saxon.instruct.ApplyTemplates.processLeavingTail(ApplyTemplates.java:151)
	at net.sf.saxon.instruct.Block.processLeavingTail(Block.java:365)
	at net.sf.saxon.instruct.Instruction.process(Instruction.java:91)
	at net.sf.saxon.instruct.ElementCreator.processLeavingTail(ElementCreator.java:240)
	at net.sf.saxon.instruct.Template.applyLeavingTail(Template.java:98)
	at net.sf.saxon.instruct.ApplyTemplates.applyTemplates(ApplyTemplates.java:317)
	at net.sf.saxon.instruct.ApplyTemplates.apply(ApplyTemplates.java:187)
	at net.sf.saxon.instruct.ApplyTemplates.processLeavingTail(ApplyTemplates.java:151)
	at net.sf.saxon.instruct.Block.processLeavingTail(Block.java:365)
	at net.sf.saxon.instruct.Instruction.process(Instruction.java:91)
	at net.sf.saxon.instruct.ElementCreator.processLeavingTail(ElementCreator.java:240)
	at net.sf.saxon.instruct.Copy.processLeavingTail(Copy.java:152)
	at net.sf.saxon.instruct.Template.applyLeavingTail(Template.java:98)
	at net.sf.saxon.instruct.ApplyTemplates.applyTemplates(ApplyTemplates.java:317)
	at net.sf.saxon.instruct.ApplyTemplates.apply(ApplyTemplates.java:187)
	at net.sf.saxon.instruct.ApplyTemplates.process(ApplyTemplates.java:147)
	at net.sf.saxon.instruct.DocumentInstr.evaluateItem(DocumentInstr.java:243)
	at net.sf.saxon.instruct.DocumentInstr.processLeavingTail(DocumentInstr.java:177)
	at net.sf.saxon.instruct.Block.processLeavingTail(Block.java:365)
	at net.sf.saxon.instruct.Instruction.process(Instruction.java:91)
	at net.sf.saxon.instruct.DocumentInstr.evaluateItem(DocumentInstr.java:243)
	at net.sf.saxon.instruct.Instruction.iterate(Instruction.java:320)
	at net.sf.saxon.expr.ExpressionTool.evaluate(ExpressionTool.java:370)
	at net.sf.saxon.instruct.GlobalVariable.getSelectValue(GlobalVariable.java:180)
	at net.sf.saxon.instruct.GlobalVariable.evaluateVariable(GlobalVariable.java:204)
	at net.sf.saxon.expr.VariableReference.evaluateVariable(VariableReference.java:319)
	at net.sf.saxon.expr.VariableReference.iterate(VariableReference.java:275)
	at net.sf.saxon.expr.PathExpression.iterate(PathExpression.java:826)
	at net.sf.saxon.expr.PathExpression.iterate(PathExpression.java:826)
	at net.sf.saxon.value.Closure.iterate(Closure.java:192)
	at net.sf.saxon.value.Value.getIterator(Value.java:214)
	at net.sf.saxon.instruct.ApplyTemplates$ApplyTemplatesPackage.processLeavingTail(ApplyTemplates.java:486)
	at net.sf.saxon.instruct.ApplyTemplates.defaultAction(ApplyTemplates.java:352)
	at net.sf.saxon.instruct.ApplyTemplates.applyTemplates(ApplyTemplates.java:310)
	at net.sf.saxon.Controller.transformDocument(Controller.java:1705)
	at net.sf.saxon.Controller.transform(Controller.java:1513)
	at net.sf.saxon.Transform.processFile(Transform.java:860)
	at net.sf.saxon.Transform.doTransform(Transform.java:504)
	at net.sf.saxon.Transform.main(Transform.java:60)
	at sun.reflect.NativeMethodAccessorImpl.invoke0(Native Method)
	at sun.reflect.NativeMethodAccessorImpl.invoke(NativeMethodAccessorImpl.java:39)
	at sun.reflect.DelegatingMethodAccessorImpl.invoke(DelegatingMethodAccessorImpl.java:25)
	at java.lang.reflect.Method.invoke(Method.java:597)
	at org.apache.uima.adapter.jms.service.Dd2spring.convertDd2Spring(Dd2spring.java:157)
	at org.apache.uima.adapter.jms.service.Dd2spring.convertDd2Spring(Dd2spring.java:79)
	at org.apache.uima.adapter.jms.service.UIMA_Service.initialize(UIMA_Service.java:114)
	at org.apache.uima.adapter.jms.service.UIMA_Service.main(UIMA_Service.java:406)
	at sun.reflect.NativeMethodAccessorImpl.invoke0(Native Method)
	at sun.reflect.NativeMethodAccessorImpl.invoke(NativeMethodAccessorImpl.java:39)
	at sun.reflect.DelegatingMethodAccessorImpl.invoke(DelegatingMethodAccessorImpl.java:25)
	at java.lang.reflect.Method.invoke(Method.java:597)
	at org.apache.uima.bootstrap.UimaBootstrap.main(UimaBootstrap.java:98)

13-10-6 12:01:33 - 10: org.apache.uima.aae.deploymentDescriptor.XsltImportByName.resolveByName: 少御: 
org.apache.uima.util.InvalidXMLException: An import could not be resolved.  No .xml file with name "descriptors.AnswerScoreDescriptor" was found in the class path or data path. (Descriptor: <unknown>)
	at org.apache.uima.resource.metadata.impl.Import_impl.findAbsoluteUrl(Import_impl.java:107)
	at org.apache.uima.aae.deploymentDescriptor.XsltImportByName.resolveByName(XsltImportByName.java:39)
	at sun.reflect.NativeMethodAccessorImpl.invoke0(Native Method)
	at sun.reflect.NativeMethodAccessorImpl.invoke(NativeMethodAccessorImpl.java:39)
	at sun.reflect.DelegatingMethodAccessorImpl.invoke(DelegatingMethodAccessorImpl.java:25)
	at java.lang.reflect.Method.invoke(Method.java:597)
	at net.sf.saxon.functions.ExtensionFunctionCall.invokeMethod(ExtensionFunctionCall.java:513)
	at net.sf.saxon.functions.ExtensionFunctionCall.call(ExtensionFunctionCall.java:223)
	at net.sf.saxon.functions.ExtensionFunctionCall.iterate(ExtensionFunctionCall.java:111)
	at net.sf.saxon.instruct.BlockIterator.next(BlockIterator.java:42)
	at net.sf.saxon.value.SequenceExtent.<init>(SequenceExtent.java:98)
	at net.sf.saxon.value.SequenceExtent.makeSequenceExtent(SequenceExtent.java:129)
	at net.sf.saxon.expr.TailCallLoop.iterate(TailCallLoop.java:77)
	at net.sf.saxon.value.Closure.iterate(Closure.java:192)
	at net.sf.saxon.value.Value.getIterator(Value.java:214)
	at net.sf.saxon.expr.UserFunctionCall.iterate(UserFunctionCall.java:300)
	at net.sf.saxon.expr.ExpressionTool.evaluate(ExpressionTool.java:370)
	at net.sf.saxon.expr.LetExpression.eval(LetExpression.java:229)
	at net.sf.saxon.expr.LetExpression.process(LetExpression.java:260)
	at net.sf.saxon.instruct.ForEach.processLeavingTail(ForEach.java:243)
	at net.sf.saxon.instruct.Instruction.process(Instruction.java:91)
	at net.sf.saxon.instruct.ElementCreator.processLeavingTail(ElementCreator.java:240)
	at net.sf.saxon.instruct.Block.processLeavingTail(Block.java:365)
	at net.sf.saxon.expr.LetExpression.processLeavingTail(LetExpression.java:405)
	at net.sf.saxon.instruct.Block.processLeavingTail(Block.java:365)
	at net.sf.saxon.instruct.Template.expand(Template.java:112)
	at net.sf.saxon.instruct.CallTemplate.process(CallTemplate.java:212)
	at net.sf.saxon.instruct.CallTemplate.processLeavingTail(CallTemplate.java:237)
	at net.sf.saxon.instruct.Block.processLeavingTail(Block.java:365)
	at net.sf.saxon.instruct.Choose.processLeavingTail(Choose.java:347)
	at net.sf.saxon.instruct.Block.processLeavingTail(Block.java:365)
	at net.sf.saxon.instruct.Instruction.process(Instruction.java:91)
	at net.sf.saxon.instruct.ElementCreator.processLeavingTail(ElementCreator.java:240)
	at net.sf.saxon.instruct.Block.processLeavingTail(Block.java:365)
	at net.sf.saxon.expr.LetExpression.processLeavingTail(LetExpression.java:405)
	at net.sf.saxon.instruct.Block.processLeavingTail(Block.java:365)
	at net.sf.saxon.expr.LetExpression.processLeavingTail(LetExpression.java:405)
	at net.sf.saxon.instruct.Block.processLeavingTail(Block.java:365)
	at net.sf.saxon.instruct.Template.applyLeavingTail(Template.java:98)
	at net.sf.saxon.instruct.ApplyTemplates.applyTemplates(ApplyTemplates.java:317)
	at net.sf.saxon.instruct.ApplyTemplates.apply(ApplyTemplates.java:187)
	at net.sf.saxon.instruct.ApplyTemplates.processLeavingTail(ApplyTemplates.java:151)
	at net.sf.saxon.expr.LetExpression.processLeavingTail(LetExpression.java:405)
	at net.sf.saxon.instruct.Block.processLeavingTail(Block.java:365)
	at net.sf.saxon.instruct.Instruction.process(Instruction.java:91)
	at net.sf.saxon.instruct.ElementCreator.processLeavingTail(ElementCreator.java:240)
	at net.sf.saxon.expr.LetExpression.processLeavingTail(LetExpression.java:405)
	at net.sf.saxon.instruct.Template.applyLeavingTail(Template.java:98)
	at net.sf.saxon.instruct.ApplyTemplates.applyTemplates(ApplyTemplates.java:317)
	at net.sf.saxon.instruct.ApplyTemplates.apply(ApplyTemplates.java:187)
	at net.sf.saxon.instruct.ApplyTemplates.processLeavingTail(ApplyTemplates.java:151)
	at net.sf.saxon.instruct.Block.processLeavingTail(Block.java:365)
	at net.sf.saxon.instruct.Instruction.process(Instruction.java:91)
	at net.sf.saxon.instruct.ElementCreator.processLeavingTail(ElementCreator.java:240)
	at net.sf.saxon.instruct.Template.applyLeavingTail(Template.java:98)
	at net.sf.saxon.instruct.ApplyTemplates.applyTemplates(ApplyTemplates.java:317)
	at net.sf.saxon.instruct.ApplyTemplates.apply(ApplyTemplates.java:187)
	at net.sf.saxon.instruct.ApplyTemplates.processLeavingTail(ApplyTemplates.java:151)
	at net.sf.saxon.instruct.Block.processLeavingTail(Block.java:365)
	at net.sf.saxon.instruct.Instruction.process(Instruction.java:91)
	at net.sf.saxon.instruct.ElementCreator.processLeavingTail(ElementCreator.java:240)
	at net.sf.saxon.instruct.Copy.processLeavingTail(Copy.java:152)
	at net.sf.saxon.instruct.Template.applyLeavingTail(Template.java:98)
	at net.sf.saxon.instruct.ApplyTemplates.applyTemplates(ApplyTemplates.java:317)
	at net.sf.saxon.instruct.ApplyTemplates.apply(ApplyTemplates.java:187)
	at net.sf.saxon.instruct.ApplyTemplates.process(ApplyTemplates.java:147)
	at net.sf.saxon.instruct.DocumentInstr.evaluateItem(DocumentInstr.java:243)
	at net.sf.saxon.instruct.DocumentInstr.processLeavingTail(DocumentInstr.java:177)
	at net.sf.saxon.instruct.Block.processLeavingTail(Block.java:365)
	at net.sf.saxon.instruct.Instruction.process(Instruction.java:91)
	at net.sf.saxon.instruct.DocumentInstr.evaluateItem(DocumentInstr.java:243)
	at net.sf.saxon.instruct.Instruction.iterate(Instruction.java:320)
	at net.sf.saxon.expr.ExpressionTool.evaluate(ExpressionTool.java:370)
	at net.sf.saxon.instruct.GlobalVariable.getSelectValue(GlobalVariable.java:180)
	at net.sf.saxon.instruct.GlobalVariable.evaluateVariable(GlobalVariable.java:204)
	at net.sf.saxon.expr.VariableReference.evaluateVariable(VariableReference.java:319)
	at net.sf.saxon.expr.VariableReference.iterate(VariableReference.java:275)
	at net.sf.saxon.expr.PathExpression.iterate(PathExpression.java:826)
	at net.sf.saxon.expr.PathExpression.iterate(PathExpression.java:826)
	at net.sf.saxon.value.Closure.iterate(Closure.java:192)
	at net.sf.saxon.value.Value.getIterator(Value.java:214)
	at net.sf.saxon.instruct.ApplyTemplates$ApplyTemplatesPackage.processLeavingTail(ApplyTemplates.java:486)
	at net.sf.saxon.instruct.ApplyTemplates.defaultAction(ApplyTemplates.java:352)
	at net.sf.saxon.instruct.ApplyTemplates.applyTemplates(ApplyTemplates.java:310)
	at net.sf.saxon.Controller.transformDocument(Controller.java:1705)
	at net.sf.saxon.Controller.transform(Controller.java:1513)
	at net.sf.saxon.Transform.processFile(Transform.java:860)
	at net.sf.saxon.Transform.doTransform(Transform.java:504)
	at net.sf.saxon.Transform.main(Transform.java:60)
	at sun.reflect.NativeMethodAccessorImpl.invoke0(Native Method)
	at sun.reflect.NativeMethodAccessorImpl.invoke(NativeMethodAccessorImpl.java:39)
	at sun.reflect.DelegatingMethodAccessorImpl.invoke(DelegatingMethodAccessorImpl.java:25)
	at java.lang.reflect.Method.invoke(Method.java:597)
	at org.apache.uima.adapter.jms.service.Dd2spring.convertDd2Spring(Dd2spring.java:157)
	at org.apache.uima.adapter.jms.service.Dd2spring.convertDd2Spring(Dd2spring.java:79)
	at org.apache.uima.adapter.jms.service.UIMA_Service.initialize(UIMA_Service.java:114)
	at org.apache.uima.adapter.jms.service.UIMA_Service.main(UIMA_Service.java:406)
	at sun.reflect.NativeMethodAccessorImpl.invoke0(Native Method)
	at sun.reflect.NativeMethodAccessorImpl.invoke(NativeMethodAccessorImpl.java:39)
	at sun.reflect.DelegatingMethodAccessorImpl.invoke(DelegatingMethodAccessorImpl.java:25)
	at java.lang.reflect.Method.invoke(Method.java:597)
	at org.apache.uima.bootstrap.UimaBootstrap.main(UimaBootstrap.java:98)

13-10-6 12:01:33 - 10: org.apache.uima.aae.deploymentDescriptor.XsltImportByName.resolveByName: 少御: 
org.apache.uima.util.InvalidXMLException: An import could not be resolved.  No .xml file with name "descriptors.AnswerScoreDescriptor" was found in the class path or data path. (Descriptor: <unknown>)
	at org.apache.uima.resource.metadata.impl.Import_impl.findAbsoluteUrl(Import_impl.java:107)
	at org.apache.uima.aae.deploymentDescriptor.XsltImportByName.resolveByName(XsltImportByName.java:39)
	at sun.reflect.NativeMethodAccessorImpl.invoke0(Native Method)
	at sun.reflect.NativeMethodAccessorImpl.invoke(NativeMethodAccessorImpl.java:39)
	at sun.reflect.DelegatingMethodAccessorImpl.invoke(DelegatingMethodAccessorImpl.java:25)
	at java.lang.reflect.Method.invoke(Method.java:597)
	at net.sf.saxon.functions.ExtensionFunctionCall.invokeMethod(ExtensionFunctionCall.java:513)
	at net.sf.saxon.functions.ExtensionFunctionCall.call(ExtensionFunctionCall.java:223)
	at net.sf.saxon.functions.ExtensionFunctionCall.iterate(ExtensionFunctionCall.java:111)
	at net.sf.saxon.functions.Document.iterate(Document.java:90)
	at net.sf.saxon.instruct.Choose.iterate(Choose.java:415)
	at net.sf.saxon.expr.TailCallLoop.iterate(TailCallLoop.java:76)
	at net.sf.saxon.value.Closure.iterate(Closure.java:192)
	at net.sf.saxon.value.Value.asIterator(Value.java:117)
	at net.sf.saxon.expr.TailCallLoop.iterate(TailCallLoop.java:83)
	at net.sf.saxon.value.Closure.iterate(Closure.java:192)
	at net.sf.saxon.value.Value.getIterator(Value.java:214)
	at net.sf.saxon.expr.UserFunctionCall.iterate(UserFunctionCall.java:300)
	at net.sf.saxon.value.MemoClosure.iterate(MemoClosure.java:89)
	at net.sf.saxon.value.Value.getIterator(Value.java:214)
	at net.sf.saxon.expr.VariableReference.iterate(VariableReference.java:276)
	at net.sf.saxon.expr.Expression.effectiveBooleanValue(Expression.java:299)
	at net.sf.saxon.functions.BooleanFn.effectiveBooleanValue(BooleanFn.java:138)
	at net.sf.saxon.instruct.Choose.processLeavingTail(Choose.java:334)
	at net.sf.saxon.instruct.Block.processLeavingTail(Block.java:365)
	at net.sf.saxon.instruct.Instruction.process(Instruction.java:91)
	at net.sf.saxon.expr.LetExpression.process(LetExpression.java:268)
	at net.sf.saxon.instruct.UserFunction.process(UserFunction.java:284)
	at net.sf.saxon.expr.UserFunctionCall.process(UserFunctionCall.java:349)
	at net.sf.saxon.value.MemoClosure.process(MemoClosure.java:177)
	at net.sf.saxon.expr.VariableReference.process(VariableReference.java:306)
	at net.sf.saxon.instruct.Block.processLeavingTail(Block.java:367)
	at net.sf.saxon.instruct.Instruction.process(Instruction.java:91)
	at net.sf.saxon.instruct.ElementCreator.processLeavingTail(ElementCreator.java:240)
	at net.sf.saxon.instruct.Block.processLeavingTail(Block.java:365)
	at net.sf.saxon.instruct.Instruction.process(Instruction.java:91)
	at net.sf.saxon.instruct.ElementCreator.processLeavingTail(ElementCreator.java:240)
	at net.sf.saxon.instruct.Block.processLeavingTail(Block.java:365)
	at net.sf.saxon.expr.LetExpression.processLeavingTail(LetExpression.java:405)
	at net.sf.saxon.instruct.Block.processLeavingTail(Block.java:365)
	at net.sf.saxon.expr.LetExpression.processLeavingTail(LetExpression.java:405)
	at net.sf.saxon.instruct.Block.processLeavingTail(Block.java:365)
	at net.sf.saxon.instruct.Template.applyLeavingTail(Template.java:98)
	at net.sf.saxon.instruct.ApplyTemplates.applyTemplates(ApplyTemplates.java:317)
	at net.sf.saxon.instruct.ApplyTemplates.apply(ApplyTemplates.java:187)
	at net.sf.saxon.instruct.ApplyTemplates.process(ApplyTemplates.java:147)
	at net.sf.saxon.expr.LetExpression.process(LetExpression.java:268)
	at net.sf.saxon.instruct.ForEach.processLeavingTail(ForEach.java:243)
	at net.sf.saxon.instruct.Instruction.process(Instruction.java:91)
	at net.sf.saxon.instruct.ElementCreator.processLeavingTail(ElementCreator.java:240)
	at net.sf.saxon.instruct.Block.processLeavingTail(Block.java:365)
	at net.sf.saxon.expr.LetExpression.processLeavingTail(LetExpression.java:405)
	at net.sf.saxon.instruct.Block.processLeavingTail(Block.java:365)
	at net.sf.saxon.instruct.Template.expand(Template.java:112)
	at net.sf.saxon.instruct.CallTemplate.process(CallTemplate.java:212)
	at net.sf.saxon.instruct.CallTemplate.processLeavingTail(CallTemplate.java:237)
	at net.sf.saxon.instruct.Block.processLeavingTail(Block.java:365)
	at net.sf.saxon.instruct.Choose.processLeavingTail(Choose.java:347)
	at net.sf.saxon.instruct.Block.processLeavingTail(Block.java:365)
	at net.sf.saxon.instruct.Instruction.process(Instruction.java:91)
	at net.sf.saxon.instruct.ElementCreator.processLeavingTail(ElementCreator.java:240)
	at net.sf.saxon.instruct.Block.processLeavingTail(Block.java:365)
	at net.sf.saxon.expr.LetExpression.processLeavingTail(LetExpression.java:405)
	at net.sf.saxon.instruct.Block.processLeavingTail(Block.java:365)
	at net.sf.saxon.expr.LetExpression.processLeavingTail(LetExpression.java:405)
	at net.sf.saxon.instruct.Block.processLeavingTail(Block.java:365)
	at net.sf.saxon.instruct.Template.applyLeavingTail(Template.java:98)
	at net.sf.saxon.instruct.ApplyTemplates.applyTemplates(ApplyTemplates.java:317)
	at net.sf.saxon.instruct.ApplyTemplates.apply(ApplyTemplates.java:187)
	at net.sf.saxon.instruct.ApplyTemplates.processLeavingTail(ApplyTemplates.java:151)
	at net.sf.saxon.expr.LetExpression.processLeavingTail(LetExpression.java:405)
	at net.sf.saxon.instruct.Block.processLeavingTail(Block.java:365)
	at net.sf.saxon.instruct.Instruction.process(Instruction.java:91)
	at net.sf.saxon.instruct.ElementCreator.processLeavingTail(ElementCreator.java:240)
	at net.sf.saxon.expr.LetExpression.processLeavingTail(LetExpression.java:405)
	at net.sf.saxon.instruct.Template.applyLeavingTail(Template.java:98)
	at net.sf.saxon.instruct.ApplyTemplates.applyTemplates(ApplyTemplates.java:317)
	at net.sf.saxon.instruct.ApplyTemplates.apply(ApplyTemplates.java:187)
	at net.sf.saxon.instruct.ApplyTemplates.processLeavingTail(ApplyTemplates.java:151)
	at net.sf.saxon.instruct.Block.processLeavingTail(Block.java:365)
	at net.sf.saxon.instruct.Instruction.process(Instruction.java:91)
	at net.sf.saxon.instruct.ElementCreator.processLeavingTail(ElementCreator.java:240)
	at net.sf.saxon.instruct.Template.applyLeavingTail(Template.java:98)
	at net.sf.saxon.instruct.ApplyTemplates.applyTemplates(ApplyTemplates.java:317)
	at net.sf.saxon.instruct.ApplyTemplates.apply(ApplyTemplates.java:187)
	at net.sf.saxon.instruct.ApplyTemplates.processLeavingTail(ApplyTemplates.java:151)
	at net.sf.saxon.instruct.Block.processLeavingTail(Block.java:365)
	at net.sf.saxon.instruct.Instruction.process(Instruction.java:91)
	at net.sf.saxon.instruct.ElementCreator.processLeavingTail(ElementCreator.java:240)
	at net.sf.saxon.instruct.Copy.processLeavingTail(Copy.java:152)
	at net.sf.saxon.instruct.Template.applyLeavingTail(Template.java:98)
	at net.sf.saxon.instruct.ApplyTemplates.applyTemplates(ApplyTemplates.java:317)
	at net.sf.saxon.instruct.ApplyTemplates.apply(ApplyTemplates.java:187)
	at net.sf.saxon.instruct.ApplyTemplates.process(ApplyTemplates.java:147)
	at net.sf.saxon.instruct.DocumentInstr.evaluateItem(DocumentInstr.java:243)
	at net.sf.saxon.instruct.DocumentInstr.processLeavingTail(DocumentInstr.java:177)
	at net.sf.saxon.instruct.Block.processLeavingTail(Block.java:365)
	at net.sf.saxon.instruct.Instruction.process(Instruction.java:91)
	at net.sf.saxon.instruct.DocumentInstr.evaluateItem(DocumentInstr.java:243)
	at net.sf.saxon.instruct.Instruction.iterate(Instruction.java:320)
	at net.sf.saxon.expr.ExpressionTool.evaluate(ExpressionTool.java:370)
	at net.sf.saxon.instruct.GlobalVariable.getSelectValue(GlobalVariable.java:180)
	at net.sf.saxon.instruct.GlobalVariable.evaluateVariable(GlobalVariable.java:204)
	at net.sf.saxon.expr.VariableReference.evaluateVariable(VariableReference.java:319)
	at net.sf.saxon.expr.VariableReference.iterate(VariableReference.java:275)
	at net.sf.saxon.expr.PathExpression.iterate(PathExpression.java:826)
	at net.sf.saxon.expr.PathExpression.iterate(PathExpression.java:826)
	at net.sf.saxon.value.Closure.iterate(Closure.java:192)
	at net.sf.saxon.value.Value.getIterator(Value.java:214)
	at net.sf.saxon.instruct.ApplyTemplates$ApplyTemplatesPackage.processLeavingTail(ApplyTemplates.java:486)
	at net.sf.saxon.instruct.ApplyTemplates.defaultAction(ApplyTemplates.java:352)
	at net.sf.saxon.instruct.ApplyTemplates.applyTemplates(ApplyTemplates.java:310)
	at net.sf.saxon.Controller.transformDocument(Controller.java:1705)
	at net.sf.saxon.Controller.transform(Controller.java:1513)
	at net.sf.saxon.Transform.processFile(Transform.java:860)
	at net.sf.saxon.Transform.doTransform(Transform.java:504)
	at net.sf.saxon.Transform.main(Transform.java:60)
	at sun.reflect.NativeMethodAccessorImpl.invoke0(Native Method)
	at sun.reflect.NativeMethodAccessorImpl.invoke(NativeMethodAccessorImpl.java:39)
	at sun.reflect.DelegatingMethodAccessorImpl.invoke(DelegatingMethodAccessorImpl.java:25)
	at java.lang.reflect.Method.invoke(Method.java:597)
	at org.apache.uima.adapter.jms.service.Dd2spring.convertDd2Spring(Dd2spring.java:157)
	at org.apache.uima.adapter.jms.service.Dd2spring.convertDd2Spring(Dd2spring.java:79)
	at org.apache.uima.adapter.jms.service.UIMA_Service.initialize(UIMA_Service.java:114)
	at org.apache.uima.adapter.jms.service.UIMA_Service.main(UIMA_Service.java:406)
	at sun.reflect.NativeMethodAccessorImpl.invoke0(Native Method)
	at sun.reflect.NativeMethodAccessorImpl.invoke(NativeMethodAccessorImpl.java:39)
	at sun.reflect.DelegatingMethodAccessorImpl.invoke(DelegatingMethodAccessorImpl.java:25)
	at java.lang.reflect.Method.invoke(Method.java:597)
	at org.apache.uima.bootstrap.UimaBootstrap.main(UimaBootstrap.java:98)

13-10-6 12:01:33 - 10: org.apache.uima.aae.controller.BaseAnalysisEngineController.logPlatformInfo: 佚連: 
+------------------------------------------------------------------
                   Starting UIMA AS Service - PID: 8136
+------------------------------------------------------------------
+ Service Name:hw2-mengday-aae
+ Service Queue Name:QAInputQueue
+ Service Start Time:06 噴埖 2013 12:01:32 
+ UIMA AS Version:2.4.0
+ UIMA Core Version:2.4.0
+ JMS Provider Home:C:\Program Files\apache-uima-as-2.4.0\apache-activemq-5.4.1
+ OS Name:Windows 7
+ OS Version:6.1
+ OS Architecture:amd64
+ OS CPU Count:8
+ JVM Vendor:Sun Microsystems Inc.
+ JVM Name:Java HotSpot(TM) 64-Bit Server VM
+ JVM Version:20.45-b01
+ JVM Input Args:[-DVNS_HOST=localhost, -DVNS_PORT=9000, -Duima.home=C:\Program, Files\apache-uima-as-2.4.0, -Duima.datapath=, -Djava.util.logging.config.file=C:\Program, Files\apache-uima-as-2.4.0\config\Logger.properties, -Duima.tools.cvd.manpath.notset, -Xms128M, -Xmx800M, -Dlog4j.configuration=file:C:\Program, Files\apache-uima-as-2.4.0\as_config\uimaAsLog4j.properties, -DUimaBootstrapSuppressClassPathDisplay, -Dorg.apache.uima.jarpath=;C:\Program, Files\apache-uima-as-2.4.0\examples\resources;C:\Program, Files\apache-uima-as-2.4.0\lib;C:\Program, Files\apache-uima-as-2.4.0\lib\xmlbeans;;C:\Program, Files\apache-uima-as-2.4.0\apache-activemq-5.4.1;C:\Program, Files\apache-uima-as-2.4.0\apache-activemq-5.4.1\lib;C:\Program, Files\apache-uima-as-2.4.0\apache-activemq-5.4.1\lib\optional;]
+ JVM Classpath:C:\Program Files\apache-uima-as-2.4.0\lib\uimaj-bootstrap.jar
+ JVM Loaded Jars:/C:/Program%20Files/apache-uima-as-2.4.0/lib/uimaj-bootstrap.jar;/C:/Program%20Files/apache-uima-as-2.4.0/examples/resources/;/C:/Program%20Files/apache-uima-as-2.4.0/lib/jVinci.jar;/C:/Program%20Files/apache-uima-as-2.4.0/lib/uima-adapter-soap.jar;/C:/Program%20Files/apache-uima-as-2.4.0/lib/uima-adapter-vinci.jar;/C:/Program%20Files/apache-uima-as-2.4.0/lib/uima-core.jar;/C:/Program%20Files/apache-uima-as-2.4.0/lib/uima-cpe.jar;/C:/Program%20Files/apache-uima-as-2.4.0/lib/uima-document-annotation.jar;/C:/Program%20Files/apache-uima-as-2.4.0/lib/uima-examples.jar;/C:/Program%20Files/apache-uima-as-2.4.0/lib/uima-tools.jar;/C:/Program%20Files/apache-uima-as-2.4.0/lib/uimaj-as-activemq.jar;/C:/Program%20Files/apache-uima-as-2.4.0/lib/uimaj-as-camel.jar;/C:/Program%20Files/apache-uima-as-2.4.0/lib/uimaj-as-core.jar;/C:/Program%20Files/apache-uima-as-2.4.0/lib/uimaj-as-jms.jar;/C:/Program%20Files/apache-uima-as-2.4.0/lib/xmlbeans.jar;/C:/Program%20Files/apache-uima-as-2.4.0/apache-activemq-5.4.1/activemq-all-5.4.1.jar;/C:/Program%20Files/apache-uima-as-2.4.0/apache-activemq-5.4.1/lib/activemq-camel-5.4.1.jar;/C:/Program%20Files/apache-uima-as-2.4.0/apache-activemq-5.4.1/lib/activemq-console-5.4.1.jar;/C:/Program%20Files/apache-uima-as-2.4.0/apache-activemq-5.4.1/lib/activemq-core-5.4.1.jar;/C:/Program%20Files/apache-uima-as-2.4.0/apache-activemq-5.4.1/lib/activemq-optional-5.4.1.jar;/C:/Program%20Files/apache-uima-as-2.4.0/apache-activemq-5.4.1/lib/activemq-spring-5.4.1.jar;/C:/Program%20Files/apache-uima-as-2.4.0/apache-activemq-5.4.1/lib/commons-logging-1.1.1.jar;/C:/Program%20Files/apache-uima-as-2.4.0/apache-activemq-5.4.1/lib/geronimo-j2ee-management_1.1_spec-1.0.1.jar;/C:/Program%20Files/apache-uima-as-2.4.0/apache-activemq-5.4.1/lib/geronimo-jms_1.1_spec-1.1.jar;/C:/Program%20Files/apache-uima-as-2.4.0/apache-activemq-5.4.1/lib/kahadb-5.4.1.jar;/C:/Program%20Files/apache-uima-as-2.4.0/apache-activemq-5.4.1/lib/spring-aop-3.0.3.RELEASE.jar;/C:/Program%20Files/apache-uima-as-2.4.0/apache-activemq-5.4.1/lib/spring-asm-3.0.3.RELEASE.jar;/C:/Program%20Files/apache-uima-as-2.4.0/apache-activemq-5.4.1/lib/spring-beans-3.0.3.RELEASE.jar;/C:/Program%20Files/apache-uima-as-2.4.0/apache-activemq-5.4.1/lib/spring-context-3.0.3.RELEASE.jar;/C:/Program%20Files/apache-uima-as-2.4.0/apache-activemq-5.4.1/lib/spring-core-3.0.3.RELEASE.jar;/C:/Program%20Files/apache-uima-as-2.4.0/apache-activemq-5.4.1/lib/spring-expression-3.0.3.RELEASE.jar;/C:/Program%20Files/apache-uima-as-2.4.0/apache-activemq-5.4.1/lib/spring-jms-3.0.3.RELEASE.jar;/C:/Program%20Files/apache-uima-as-2.4.0/apache-activemq-5.4.1/lib/spring-tx-3.0.3.RELEASE.jar;/C:/Program%20Files/apache-uima-as-2.4.0/apache-activemq-5.4.1/lib/xbean-spring-3.7.jar;/C:/Program%20Files/apache-uima-as-2.4.0/apache-activemq-5.4.1/lib/optional/commons-codec-1.2.jar;/C:/Program%20Files/apache-uima-as-2.4.0/apache-activemq-5.4.1/lib/optional/commons-httpclient-3.1.jar;/C:/Program%20Files/apache-uima-as-2.4.0/apache-activemq-5.4.1/lib/optional/geronimo-servlet_2.5_spec-1.2.jar;/C:/Program%20Files/apache-uima-as-2.4.0/apache-activemq-5.4.1/lib/optional/jetty-all-server-7.0.1.v20091125.jar;/C:/Program%20Files/apache-uima-as-2.4.0/apache-activemq-5.4.1/lib/optional/log4j-1.2.14.jar;/C:/Program%20Files/apache-uima-as-2.4.0/apache-activemq-5.4.1/lib/optional/xmlpull-1.1.3.4d_b4_min.jar;/C:/Program%20Files/apache-uima-as-2.4.0/apache-activemq-5.4.1/lib/optional/xstream-1.3.1.jar;
+ JVM LIB_PATH:C:\Program Files\Java\jdk1.6.0_45\bin;C:\Windows\Sun\Java\bin;C:\Windows\system32;C:\Windows;C:\Program Files\apache-uima-as-2.4.0\uimacpp\bin;C:\Program Files\apache-uima-as-2.4.0\uimacpp\examples\tutorial\src;C:\Program Files (x86)\NVIDIA Corporation\PhysX\Common;C:\Program Files (x86)\Intel\iCLS Client\;C:\Program Files\Intel\iCLS Client\;C:\Windows\system32;C:\Windows;C:\Windows\System32\Wbem;C:\Windows\System32\WindowsPowerShell\v1.0\;C:\Program Files (x86)\Intel\OpenCL SDK\3.0\bin\x86;C:\Program Files (x86)\Intel\OpenCL SDK\3.0\bin\x64;C:\Program Files\Intel\Intel(R) Management Engine Components\DAL;C:\Program Files\Intel\Intel(R) Management Engine Components\IPT;C:\Program Files (x86)\Intel\Intel(R) Management Engine Components\DAL;C:\Program Files (x86)\Intel\Intel(R) Management Engine Components\IPT;C:\Program Files\Java\jdk1.6.0_45\bin;C:\Program Files\apache-maven-3.1.0\bin;C:\Users\Mengda Yang\AppData\Local\GitHub\PortableGit_015aa71ef18c047ce8509ffb2f9e4bb0e3e73f13\bin;D:\Tools\Matlab\runtime\win64;D:\Tools\Matlab\bin;C:\Program Files\apache-uima\bin;C:\Program Files\apache-uima-as-2.4.0\bin;.
+------------------------------------------------------------------ 
13-10-6 12:01:33 - 10: org.apache.uima.aae.controller.BaseAnalysisEngineController.C'tor: 佚連: Top Level Service : hw2-mengday-aae Configured to Use Java VM Transport For Internal Messaging
13-10-6 12:01:33 - 10: org.apache.uima.adapter.jms.activemq.JmsInputChannel.setEndpointName: 佚連: top_level_input_queue_service_1 Service Starting - Listening for Messages 
13-10-6 12:01:33 - 10: org.apache.uima.adapter.jms.activemq.SpringContainerDeployer.deploy: 少御: 
org.springframework.beans.factory.BeanCreationException: Error creating bean with name 'primitive_ctlr_QADescriptor_1.1' defined in URL [file:C:/Users/MENGDA~1/AppData/Local/Temp/UIMAdd2springOutput687582808925489114.xml]: Instantiation of bean failed; nested exception is org.springframework.beans.BeanInstantiationException: Could not instantiate bean class [org.apache.uima.aae.controller.PrimitiveAnalysisEngineController_impl]: Constructor threw exception; nested exception is org.apache.uima.util.InvalidXMLException: An import could not be resolved.  No .xml file with name "descriptors.QADescriptor" was found in the class path or data path. (Descriptor: <unknown>)
	at org.springframework.beans.factory.support.ConstructorResolver.autowireConstructor(ConstructorResolver.java:286)
	at org.springframework.beans.factory.support.AbstractAutowireCapableBeanFactory.autowireConstructor(AbstractAutowireCapableBeanFactory.java:993)
	at org.springframework.beans.factory.support.AbstractAutowireCapableBeanFactory.createBeanInstance(AbstractAutowireCapableBeanFactory.java:897)
	at org.springframework.beans.factory.support.AbstractAutowireCapableBeanFactory.doCreateBean(AbstractAutowireCapableBeanFactory.java:485)
	at org.springframework.beans.factory.support.AbstractAutowireCapableBeanFactory.createBean(AbstractAutowireCapableBeanFactory.java:456)
	at org.springframework.beans.factory.support.AbstractBeanFactory$1.getObject(AbstractBeanFactory.java:291)
	at org.springframework.beans.factory.support.DefaultSingletonBeanRegistry.getSingleton(DefaultSingletonBeanRegistry.java:222)
	at org.springframework.beans.factory.support.AbstractBeanFactory.doGetBean(AbstractBeanFactory.java:288)
	at org.springframework.beans.factory.support.AbstractBeanFactory.getBean(AbstractBeanFactory.java:190)
	at org.springframework.beans.factory.support.DefaultListableBeanFactory.preInstantiateSingletons(DefaultListableBeanFactory.java:574)
	at org.springframework.context.support.AbstractApplicationContext.finishBeanFactoryInitialization(AbstractApplicationContext.java:895)
	at org.springframework.context.support.AbstractApplicationContext.refresh(AbstractApplicationContext.java:425)
	at org.springframework.context.support.FileSystemXmlApplicationContext.<init>(FileSystemXmlApplicationContext.java:140)
	at org.springframework.context.support.FileSystemXmlApplicationContext.<init>(FileSystemXmlApplicationContext.java:94)
	at org.apache.uima.adapter.jms.activemq.SpringContainerDeployer.deploy(SpringContainerDeployer.java:460)
	at org.apache.uima.adapter.jms.service.UIMA_Service.deploy(UIMA_Service.java:168)
	at org.apache.uima.adapter.jms.service.UIMA_Service.main(UIMA_Service.java:414)
	at sun.reflect.NativeMethodAccessorImpl.invoke0(Native Method)
	at sun.reflect.NativeMethodAccessorImpl.invoke(NativeMethodAccessorImpl.java:39)
	at sun.reflect.DelegatingMethodAccessorImpl.invoke(DelegatingMethodAccessorImpl.java:25)
	at java.lang.reflect.Method.invoke(Method.java:597)
	at org.apache.uima.bootstrap.UimaBootstrap.main(UimaBootstrap.java:98)
Caused by: org.springframework.beans.BeanInstantiationException: Could not instantiate bean class [org.apache.uima.aae.controller.PrimitiveAnalysisEngineController_impl]: Constructor threw exception; nested exception is org.apache.uima.util.InvalidXMLException: An import could not be resolved.  No .xml file with name "descriptors.QADescriptor" was found in the class path or data path. (Descriptor: <unknown>)
	at org.springframework.beans.BeanUtils.instantiateClass(BeanUtils.java:141)
	at org.springframework.beans.factory.support.SimpleInstantiationStrategy.instantiate(SimpleInstantiationStrategy.java:105)
	at org.springframework.beans.factory.support.ConstructorResolver.autowireConstructor(ConstructorResolver.java:278)
	... 21 more
Caused by: org.apache.uima.util.InvalidXMLException: An import could not be resolved.  No .xml file with name "descriptors.QADescriptor" was found in the class path or data path. (Descriptor: <unknown>)
	at org.apache.uima.resource.metadata.impl.Import_impl.findAbsoluteUrl(Import_impl.java:107)
	at org.apache.uima.aae.UimaClassFactory.resolveImportByName(UimaClassFactory.java:87)
	at org.apache.uima.aae.UimaClassFactory.produceResourceSpecifier(UimaClassFactory.java:65)
	at org.apache.uima.aae.controller.BaseAnalysisEngineController.<init>(BaseAnalysisEngineController.java:334)
	at org.apache.uima.aae.controller.PrimitiveAnalysisEngineController_impl.<init>(PrimitiveAnalysisEngineController_impl.java:157)
	at org.apache.uima.aae.controller.PrimitiveAnalysisEngineController_impl.<init>(PrimitiveAnalysisEngineController_impl.java:146)
	at org.apache.uima.aae.controller.PrimitiveAnalysisEngineController_impl.<init>(PrimitiveAnalysisEngineController_impl.java:126)
	at org.apache.uima.aae.controller.PrimitiveAnalysisEngineController_impl.<init>(PrimitiveAnalysisEngineController_impl.java:117)
	at sun.reflect.NativeConstructorAccessorImpl.newInstance0(Native Method)
	at sun.reflect.NativeConstructorAccessorImpl.newInstance(NativeConstructorAccessorImpl.java:39)
	at sun.reflect.DelegatingConstructorAccessorImpl.newInstance(DelegatingConstructorAccessorImpl.java:27)
	at java.lang.reflect.Constructor.newInstance(Constructor.java:513)
	at org.springframework.beans.BeanUtils.instantiateClass(BeanUtils.java:126)
	... 23 more

13-10-6 12:01:33 - 11: org.apache.uima.adapter.jms.activemq.UimaDefaultMessageListenerContainer$3.destroy: 少御: 
org.springframework.jms.listener.AbstractJmsListeningContainer$SharedConnectionNotInitializedException: This listener container's shared Connection has not been initialized yet
	at org.springframework.jms.listener.AbstractJmsListeningContainer.getSharedConnection(AbstractJmsListeningContainer.java:483)
	at org.apache.uima.adapter.jms.activemq.UimaDefaultMessageListenerContainer.access$2000(UimaDefaultMessageListenerContainer.java:69)
	at org.apache.uima.adapter.jms.activemq.UimaDefaultMessageListenerContainer$3.run(UimaDefaultMessageListenerContainer.java:1010)

13-10-6 12:01:33 - 12: org.apache.uima.adapter.jms.activemq.UimaDefaultMessageListenerContainer$3.destroy: 少御: 
org.springframework.jms.listener.AbstractJmsListeningContainer$SharedConnectionNotInitializedException: This listener container's shared Connection has not been initialized yet
	at org.springframework.jms.listener.AbstractJmsListeningContainer.getSharedConnection(AbstractJmsListeningContainer.java:483)
	at org.apache.uima.adapter.jms.activemq.UimaDefaultMessageListenerContainer.access$2000(UimaDefaultMessageListenerContainer.java:69)
	at org.apache.uima.adapter.jms.activemq.UimaDefaultMessageListenerContainer$3.run(UimaDefaultMessageListenerContainer.java:1010)

13-10-6 12:01:33 - 10: org.apache.uima.adapter.jms.service.UIMA_Service.main: 少御: 
org.apache.uima.resource.ResourceInitializationException
	at org.apache.uima.adapter.jms.activemq.SpringContainerDeployer.deploy(SpringContainerDeployer.java:475)
	at org.apache.uima.adapter.jms.service.UIMA_Service.deploy(UIMA_Service.java:168)
	at org.apache.uima.adapter.jms.service.UIMA_Service.main(UIMA_Service.java:414)
	at sun.reflect.NativeMethodAccessorImpl.invoke0(Native Method)
	at sun.reflect.NativeMethodAccessorImpl.invoke(NativeMethodAccessorImpl.java:39)
	at sun.reflect.DelegatingMethodAccessorImpl.invoke(DelegatingMethodAccessorImpl.java:25)
	at java.lang.reflect.Method.invoke(Method.java:597)
	at org.apache.uima.bootstrap.UimaBootstrap.main(UimaBootstrap.java:98)
Caused by: org.springframework.beans.factory.BeanCreationException: Error creating bean with name 'primitive_ctlr_QADescriptor_1.1' defined in URL [file:C:/Users/MENGDA~1/AppData/Local/Temp/UIMAdd2springOutput687582808925489114.xml]: Instantiation of bean failed; nested exception is org.springframework.beans.BeanInstantiationException: Could not instantiate bean class [org.apache.uima.aae.controller.PrimitiveAnalysisEngineController_impl]: Constructor threw exception; nested exception is org.apache.uima.util.InvalidXMLException: An import could not be resolved.  No .xml file with name "descriptors.QADescriptor" was found in the class path or data path. (Descriptor: <unknown>)
	at org.springframework.beans.factory.support.ConstructorResolver.autowireConstructor(ConstructorResolver.java:286)
	at org.springframework.beans.factory.support.AbstractAutowireCapableBeanFactory.autowireConstructor(AbstractAutowireCapableBeanFactory.java:993)
	at org.springframework.beans.factory.support.AbstractAutowireCapableBeanFactory.createBeanInstance(AbstractAutowireCapableBeanFactory.java:897)
	at org.springframework.beans.factory.support.AbstractAutowireCapableBeanFactory.doCreateBean(AbstractAutowireCapableBeanFactory.java:485)
	at org.springframework.beans.factory.support.AbstractAutowireCapableBeanFactory.createBean(AbstractAutowireCapableBeanFactory.java:456)
	at org.springframework.beans.factory.support.AbstractBeanFactory$1.getObject(AbstractBeanFactory.java:291)
	at org.springframework.beans.factory.support.DefaultSingletonBeanRegistry.getSingleton(DefaultSingletonBeanRegistry.java:222)
	at org.springframework.beans.factory.support.AbstractBeanFactory.doGetBean(AbstractBeanFactory.java:288)
	at org.springframework.beans.factory.support.AbstractBeanFactory.getBean(AbstractBeanFactory.java:190)
	at org.springframework.beans.factory.support.DefaultListableBeanFactory.preInstantiateSingletons(DefaultListableBeanFactory.java:574)
	at org.springframework.context.support.AbstractApplicationContext.finishBeanFactoryInitialization(AbstractApplicationContext.java:895)
	at org.springframework.context.support.AbstractApplicationContext.refresh(AbstractApplicationContext.java:425)
	at org.springframework.context.support.FileSystemXmlApplicationContext.<init>(FileSystemXmlApplicationContext.java:140)
	at org.springframework.context.support.FileSystemXmlApplicationContext.<init>(FileSystemXmlApplicationContext.java:94)
	at org.apache.uima.adapter.jms.activemq.SpringContainerDeployer.deploy(SpringContainerDeployer.java:460)
	... 7 more
Caused by: org.springframework.beans.BeanInstantiationException: Could not instantiate bean class [org.apache.uima.aae.controller.PrimitiveAnalysisEngineController_impl]: Constructor threw exception; nested exception is org.apache.uima.util.InvalidXMLException: An import could not be resolved.  No .xml file with name "descriptors.QADescriptor" was found in the class path or data path. (Descriptor: <unknown>)
	at org.springframework.beans.BeanUtils.instantiateClass(BeanUtils.java:141)
	at org.springframework.beans.factory.support.SimpleInstantiationStrategy.instantiate(SimpleInstantiationStrategy.java:105)
	at org.springframework.beans.factory.support.ConstructorResolver.autowireConstructor(ConstructorResolver.java:278)
	... 21 more
Caused by: org.apache.uima.util.InvalidXMLException: An import could not be resolved.  No .xml file with name "descriptors.QADescriptor" was found in the class path or data path. (Descriptor: <unknown>)
	at org.apache.uima.resource.metadata.impl.Import_impl.findAbsoluteUrl(Import_impl.java:107)
	at org.apache.uima.aae.UimaClassFactory.resolveImportByName(UimaClassFactory.java:87)
	at org.apache.uima.aae.UimaClassFactory.produceResourceSpecifier(UimaClassFactory.java:65)
	at org.apache.uima.aae.controller.BaseAnalysisEngineController.<init>(BaseAnalysisEngineController.java:334)
	at org.apache.uima.aae.controller.PrimitiveAnalysisEngineController_impl.<init>(PrimitiveAnalysisEngineController_impl.java:157)
	at org.apache.uima.aae.controller.PrimitiveAnalysisEngineController_impl.<init>(PrimitiveAnalysisEngineController_impl.java:146)
	at org.apache.uima.aae.controller.PrimitiveAnalysisEngineController_impl.<init>(PrimitiveAnalysisEngineController_impl.java:126)
	at org.apache.uima.aae.controller.PrimitiveAnalysisEngineController_impl.<init>(PrimitiveAnalysisEngineController_impl.java:117)
	at sun.reflect.NativeConstructorAccessorImpl.newInstance0(Native Method)
	at sun.reflect.NativeConstructorAccessorImpl.newInstance(NativeConstructorAccessorImpl.java:39)
	at sun.reflect.DelegatingConstructorAccessorImpl.newInstance(DelegatingConstructorAccessorImpl.java:27)
	at java.lang.reflect.Constructor.newInstance(Constructor.java:513)
	at org.springframework.beans.BeanUtils.instantiateClass(BeanUtils.java:126)
	... 23 more

